{"C:\\Users\\joseg\\Documents\\projeto_POO2\\backend\\src\\server.js": {"path":"C:\\Users\\joseg\\Documents\\projeto_POO2\\backend\\src\\server.js","statementMap":{"0":{"start":{"line":1,"column":0},"end":{"line":1,"column":27}},"1":{"start":{"line":3,"column":16},"end":{"line":3,"column":34}},"2":{"start":{"line":4,"column":13},"end":{"line":4,"column":28}},"3":{"start":{"line":5,"column":13},"end":{"line":5,"column":28}},"4":{"start":{"line":7,"column":15},"end":{"line":7,"column":34}},"5":{"start":{"line":9,"column":12},"end":{"line":9,"column":21}},"6":{"start":{"line":11,"column":0},"end":{"line":11,"column":28}},"7":{"start":{"line":13,"column":13},"end":{"line":13,"column":37}},"8":{"start":{"line":15,"column":0},"end":{"line":15,"column":72}},"9":{"start":{"line":18,"column":0},"end":{"line":21,"column":4}},"10":{"start":{"line":23,"column":0},"end":{"line":23,"column":24}},"11":{"start":{"line":24,"column":0},"end":{"line":24,"column":48}},"12":{"start":{"line":27,"column":0},"end":{"line":35,"column":1}},"13":{"start":{"line":28,"column":2},"end":{"line":34,"column":5}},"14":{"start":{"line":29,"column":21},"end":{"line":29,"column":54}},"15":{"start":{"line":30,"column":4},"end":{"line":32,"column":4}},"16":{"start":{"line":33,"column":2},"end":{"line":33,"column":9}},"17":{"start":{"line":38,"column":0},"end":{"line":38,"column":24}},"18":{"start":{"line":41,"column":0},"end":{"line":47,"column":3}},"19":{"start":{"line":42,"column":2},"end":{"line":46,"column":5}},"20":{"start":{"line":50,"column":0},"end":{"line":54,"column":3}},"21":{"start":{"line":51,"column":2},"end":{"line":53,"column":5}},"22":{"start":{"line":57,"column":0},"end":{"line":63,"column":3}},"23":{"start":{"line":58,"column":2},"end":{"line":58,"column":42}},"24":{"start":{"line":60,"column":2},"end":{"line":62,"column":5}},"25":{"start":{"line":65,"column":0},"end":{"line":69,"column":3}},"26":{"start":{"line":66,"column":2},"end":{"line":66,"column":49}},"27":{"start":{"line":67,"column":2},"end":{"line":67,"column":65}},"28":{"start":{"line":68,"column":2},"end":{"line":68,"column":73}},"29":{"start":{"line":71,"column":0},"end":{"line":71,"column":21}}},"fnMap":{"0":{"name":"(anonymous_0)","decl":{"start":{"line":28,"column":10},"end":{"line":28,"column":11}},"loc":{"start":{"line":28,"column":30},"end":{"line":34,"column":3}},"line":28},"1":{"name":"(anonymous_1)","decl":{"start":{"line":41,"column":19},"end":{"line":41,"column":20}},"loc":{"start":{"line":41,"column":33},"end":{"line":47,"column":1}},"line":41},"2":{"name":"(anonymous_2)","decl":{"start":{"line":50,"column":8},"end":{"line":50,"column":9}},"loc":{"start":{"line":50,"column":22},"end":{"line":54,"column":1}},"line":50},"3":{"name":"(anonymous_3)","decl":{"start":{"line":57,"column":8},"end":{"line":57,"column":9}},"loc":{"start":{"line":57,"column":33},"end":{"line":63,"column":1}},"line":57},"4":{"name":"(anonymous_4)","decl":{"start":{"line":65,"column":17},"end":{"line":65,"column":18}},"loc":{"start":{"line":65,"column":23},"end":{"line":69,"column":1}},"line":65}},"branchMap":{"0":{"loc":{"start":{"line":13,"column":13},"end":{"line":13,"column":37}},"type":"binary-expr","locations":[{"start":{"line":13,"column":13},"end":{"line":13,"column":29}},{"start":{"line":13,"column":33},"end":{"line":13,"column":37}}],"line":13},"1":{"loc":{"start":{"line":19,"column":10},"end":{"line":19,"column":61}},"type":"binary-expr","locations":[{"start":{"line":19,"column":10},"end":{"line":19,"column":34}},{"start":{"line":19,"column":38},"end":{"line":19,"column":61}}],"line":19},"2":{"loc":{"start":{"line":27,"column":0},"end":{"line":35,"column":1}},"type":"if","locations":[{"start":{"line":27,"column":0},"end":{"line":35,"column":1}},{"start":{},"end":{}}],"line":27},"3":{"loc":{"start":{"line":68,"column":30},"end":{"line":68,"column":67}},"type":"binary-expr","locations":[{"start":{"line":68,"column":30},"end":{"line":68,"column":50}},{"start":{"line":68,"column":54},"end":{"line":68,"column":67}}],"line":68}},"s":{"0":5,"1":5,"2":5,"3":5,"4":5,"5":5,"6":5,"7":5,"8":5,"9":5,"10":5,"11":5,"12":5,"13":1,"14":1,"15":1,"16":1,"17":5,"18":5,"19":1,"20":5,"21":1,"22":5,"23":1,"24":1,"25":5,"26":5,"27":5,"28":5,"29":5},"f":{"0":1,"1":1,"2":1,"3":1,"4":5},"b":{"0":[5,0],"1":[5,0],"2":[1,4],"3":[5,0]},"_coverageSchema":"1a1c01bbd47fc00a2c39e90264f33305004495a9","hash":"28e78c0a72a7090c30a33696b0d40ae1a94c8701"}
,"C:\\Users\\joseg\\Documents\\projeto_POO2\\backend\\src\\config\\database.js": {"path":"C:\\Users\\joseg\\Documents\\projeto_POO2\\backend\\src\\config\\database.js","statementMap":{"0":{"start":{"line":1,"column":17},"end":{"line":1,"column":30}},"1":{"start":{"line":2,"column":0},"end":{"line":2,"column":27}},"2":{"start":{"line":4,"column":13},"end":{"line":10,"column":2}},"3":{"start":{"line":12,"column":0},"end":{"line":14,"column":3}},"4":{"start":{"line":13,"column":2},"end":{"line":13,"column":56}},"5":{"start":{"line":16,"column":0},"end":{"line":19,"column":3}},"6":{"start":{"line":17,"column":2},"end":{"line":17,"column":53}},"7":{"start":{"line":18,"column":2},"end":{"line":18,"column":19}},"8":{"start":{"line":21,"column":0},"end":{"line":21,"column":22}}},"fnMap":{"0":{"name":"(anonymous_0)","decl":{"start":{"line":12,"column":19},"end":{"line":12,"column":20}},"loc":{"start":{"line":12,"column":25},"end":{"line":14,"column":1}},"line":12},"1":{"name":"(anonymous_1)","decl":{"start":{"line":16,"column":17},"end":{"line":16,"column":18}},"loc":{"start":{"line":16,"column":26},"end":{"line":19,"column":1}},"line":16}},"branchMap":{"0":{"loc":{"start":{"line":5,"column":8},"end":{"line":5,"column":42}},"type":"binary-expr","locations":[{"start":{"line":5,"column":8},"end":{"line":5,"column":27}},{"start":{"line":5,"column":31},"end":{"line":5,"column":42}}],"line":5},"1":{"loc":{"start":{"line":6,"column":8},"end":{"line":6,"column":35}},"type":"binary-expr","locations":[{"start":{"line":6,"column":8},"end":{"line":6,"column":27}},{"start":{"line":6,"column":31},"end":{"line":6,"column":35}}],"line":6},"2":{"loc":{"start":{"line":7,"column":12},"end":{"line":7,"column":48}},"type":"binary-expr","locations":[{"start":{"line":7,"column":12},"end":{"line":7,"column":31}},{"start":{"line":7,"column":35},"end":{"line":7,"column":48}}],"line":7},"3":{"loc":{"start":{"line":8,"column":8},"end":{"line":8,"column":41}},"type":"binary-expr","locations":[{"start":{"line":8,"column":8},"end":{"line":8,"column":27}},{"start":{"line":8,"column":31},"end":{"line":8,"column":41}}],"line":8}},"s":{"0":3,"1":3,"2":3,"3":3,"4":1,"5":3,"6":1,"7":1,"8":3},"f":{"0":1,"1":1},"b":{"0":[3,0],"1":[3,0],"2":[3,0],"3":[3,0]},"_coverageSchema":"1a1c01bbd47fc00a2c39e90264f33305004495a9","hash":"c74631eeb7b56f7415d23478cc268081712ceb9c"}
,"C:\\Users\\joseg\\Documents\\projeto_POO2\\backend\\src\\config\\upload.js": {"path":"C:\\Users\\joseg\\Documents\\projeto_POO2\\backend\\src\\config\\upload.js","statementMap":{"0":{"start":{"line":1,"column":15},"end":{"line":1,"column":32}},"1":{"start":{"line":2,"column":13},"end":{"line":2,"column":28}},"2":{"start":{"line":3,"column":11},"end":{"line":3,"column":29}},"3":{"start":{"line":5,"column":12},"end":{"line":5,"column":49}},"4":{"start":{"line":6,"column":0},"end":{"line":6,"column":64}},"5":{"start":{"line":6,"column":25},"end":{"line":6,"column":64}},"6":{"start":{"line":8,"column":16},"end":{"line":14,"column":2}},"7":{"start":{"line":9,"column":34},"end":{"line":9,"column":47}},"8":{"start":{"line":11,"column":16},"end":{"line":11,"column":47}},"9":{"start":{"line":12,"column":4},"end":{"line":12,"column":44}},"10":{"start":{"line":16,"column":15},"end":{"line":24,"column":2}},"11":{"start":{"line":20,"column":18},"end":{"line":20,"column":37}},"12":{"start":{"line":21,"column":4},"end":{"line":22,"column":57}},"13":{"start":{"line":21,"column":67},"end":{"line":21,"column":82}},"14":{"start":{"line":22,"column":9},"end":{"line":22,"column":57}},"15":{"start":{"line":26,"column":0},"end":{"line":26,"column":24}}},"fnMap":{"0":{"name":"(anonymous_0)","decl":{"start":{"line":9,"column":15},"end":{"line":9,"column":16}},"loc":{"start":{"line":9,"column":34},"end":{"line":9,"column":47}},"line":9},"1":{"name":"(anonymous_1)","decl":{"start":{"line":10,"column":12},"end":{"line":10,"column":13}},"loc":{"start":{"line":10,"column":31},"end":{"line":13,"column":3}},"line":10},"2":{"name":"(anonymous_2)","decl":{"start":{"line":19,"column":14},"end":{"line":19,"column":15}},"loc":{"start":{"line":19,"column":33},"end":{"line":23,"column":3}},"line":19}},"branchMap":{"0":{"loc":{"start":{"line":6,"column":0},"end":{"line":6,"column":64}},"type":"if","locations":[{"start":{"line":6,"column":0},"end":{"line":6,"column":64}},{"start":{},"end":{}}],"line":6},"1":{"loc":{"start":{"line":21,"column":4},"end":{"line":22,"column":57}},"type":"if","locations":[{"start":{"line":21,"column":4},"end":{"line":22,"column":57}},{"start":{"line":22,"column":9},"end":{"line":22,"column":57}}],"line":21}},"s":{"0":1,"1":1,"2":1,"3":1,"4":1,"5":0,"6":1,"7":1,"8":1,"9":1,"10":1,"11":2,"12":2,"13":1,"14":1,"15":1},"f":{"0":1,"1":1,"2":2},"b":{"0":[0,1],"1":[1,1]},"_coverageSchema":"1a1c01bbd47fc00a2c39e90264f33305004495a9","hash":"187d01b02bf437c8da4ad0d429741b9eeb073b43"}
,"C:\\Users\\joseg\\Documents\\projeto_POO2\\backend\\src\\controllers\\authController.js": {"path":"C:\\Users\\joseg\\Documents\\projeto_POO2\\backend\\src\\controllers\\authController.js","statementMap":{"0":{"start":{"line":8,"column":20},"end":{"line":8,"column":54}},"1":{"start":{"line":11,"column":14},"end":{"line":35,"column":1}},"2":{"start":{"line":12,"column":27},"end":{"line":12,"column":35}},"3":{"start":{"line":14,"column":2},"end":{"line":16,"column":3}},"4":{"start":{"line":15,"column":4},"end":{"line":15,"column":79}},"5":{"start":{"line":18,"column":2},"end":{"line":34,"column":3}},"6":{"start":{"line":19,"column":22},"end":{"line":19,"column":64}},"7":{"start":{"line":20,"column":4},"end":{"line":20,"column":31}},"8":{"start":{"line":22,"column":4},"end":{"line":22,"column":34}},"9":{"start":{"line":24,"column":4},"end":{"line":28,"column":5}},"10":{"start":{"line":25,"column":6},"end":{"line":27,"column":9}},"11":{"start":{"line":30,"column":4},"end":{"line":32,"column":5}},"12":{"start":{"line":31,"column":6},"end":{"line":31,"column":58}},"13":{"start":{"line":33,"column":4},"end":{"line":33,"column":72}},"14":{"start":{"line":38,"column":15},"end":{"line":46,"column":1}},"15":{"start":{"line":39,"column":2},"end":{"line":45,"column":3}},"16":{"start":{"line":40,"column":18},"end":{"line":40,"column":64}},"17":{"start":{"line":41,"column":4},"end":{"line":41,"column":27}},"18":{"start":{"line":43,"column":4},"end":{"line":43,"column":35}},"19":{"start":{"line":44,"column":4},"end":{"line":44,"column":69}},"20":{"start":{"line":49,"column":20},"end":{"line":69,"column":1}},"21":{"start":{"line":50,"column":36},"end":{"line":50,"column":44}},"22":{"start":{"line":52,"column":2},"end":{"line":54,"column":3}},"23":{"start":{"line":53,"column":4},"end":{"line":53,"column":72}},"24":{"start":{"line":56,"column":2},"end":{"line":68,"column":3}},"25":{"start":{"line":57,"column":4},"end":{"line":57,"column":73}},"26":{"start":{"line":58,"column":4},"end":{"line":58,"column":64}},"27":{"start":{"line":60,"column":4},"end":{"line":60,"column":41}},"28":{"start":{"line":61,"column":4},"end":{"line":63,"column":5}},"29":{"start":{"line":62,"column":6},"end":{"line":62,"column":58}},"30":{"start":{"line":64,"column":4},"end":{"line":66,"column":5}},"31":{"start":{"line":65,"column":6},"end":{"line":65,"column":58}},"32":{"start":{"line":67,"column":4},"end":{"line":67,"column":69}},"33":{"start":{"line":71,"column":0},"end":{"line":71,"column":48}}},"fnMap":{"0":{"name":"(anonymous_0)","decl":{"start":{"line":11,"column":14},"end":{"line":11,"column":15}},"loc":{"start":{"line":11,"column":34},"end":{"line":35,"column":1}},"line":11},"1":{"name":"(anonymous_1)","decl":{"start":{"line":38,"column":15},"end":{"line":38,"column":16}},"loc":{"start":{"line":38,"column":35},"end":{"line":46,"column":1}},"line":38},"2":{"name":"(anonymous_2)","decl":{"start":{"line":49,"column":20},"end":{"line":49,"column":21}},"loc":{"start":{"line":49,"column":40},"end":{"line":69,"column":1}},"line":49}},"branchMap":{"0":{"loc":{"start":{"line":14,"column":2},"end":{"line":16,"column":3}},"type":"if","locations":[{"start":{"line":14,"column":2},"end":{"line":16,"column":3}},{"start":{},"end":{}}],"line":14},"1":{"loc":{"start":{"line":14,"column":6},"end":{"line":14,"column":22}},"type":"binary-expr","locations":[{"start":{"line":14,"column":6},"end":{"line":14,"column":12}},{"start":{"line":14,"column":16},"end":{"line":14,"column":22}}],"line":14},"2":{"loc":{"start":{"line":24,"column":4},"end":{"line":28,"column":5}},"type":"if","locations":[{"start":{"line":24,"column":4},"end":{"line":28,"column":5}},{"start":{},"end":{}}],"line":24},"3":{"loc":{"start":{"line":30,"column":4},"end":{"line":32,"column":5}},"type":"if","locations":[{"start":{"line":30,"column":4},"end":{"line":32,"column":5}},{"start":{},"end":{}}],"line":30},"4":{"loc":{"start":{"line":52,"column":2},"end":{"line":54,"column":3}},"type":"if","locations":[{"start":{"line":52,"column":2},"end":{"line":54,"column":3}},{"start":{},"end":{}}],"line":52},"5":{"loc":{"start":{"line":52,"column":6},"end":{"line":52,"column":31}},"type":"binary-expr","locations":[{"start":{"line":52,"column":6},"end":{"line":52,"column":17}},{"start":{"line":52,"column":21},"end":{"line":52,"column":31}}],"line":52},"6":{"loc":{"start":{"line":61,"column":4},"end":{"line":63,"column":5}},"type":"if","locations":[{"start":{"line":61,"column":4},"end":{"line":63,"column":5}},{"start":{},"end":{}}],"line":61},"7":{"loc":{"start":{"line":64,"column":4},"end":{"line":66,"column":5}},"type":"if","locations":[{"start":{"line":64,"column":4},"end":{"line":66,"column":5}},{"start":{},"end":{}}],"line":64}},"s":{"0":1,"1":1,"2":5,"3":5,"4":1,"5":4,"6":4,"7":1,"8":3,"9":3,"10":1,"11":2,"12":1,"13":1,"14":1,"15":2,"16":2,"17":1,"18":1,"19":1,"20":1,"21":5,"22":5,"23":1,"24":4,"25":4,"26":1,"27":3,"28":3,"29":1,"30":2,"31":1,"32":1,"33":1},"f":{"0":5,"1":2,"2":5},"b":{"0":[1,4],"1":[5,5],"2":[1,2],"3":[1,1],"4":[1,4],"5":[5,5],"6":[1,2],"7":[1,1]},"_coverageSchema":"1a1c01bbd47fc00a2c39e90264f33305004495a9","hash":"22d17d0cd8743c3ba52d1fb603f9f539bd8d461c"}
,"C:\\Users\\joseg\\Documents\\projeto_POO2\\backend\\src\\controllers\\fichaController.js": {"path":"C:\\Users\\joseg\\Documents\\projeto_POO2\\backend\\src\\controllers\\fichaController.js","statementMap":{"0":{"start":{"line":9,"column":21},"end":{"line":9,"column":56}},"1":{"start":{"line":11,"column":19},"end":{"line":34,"column":1}},"2":{"start":{"line":12,"column":17},"end":{"line":12,"column":27}},"3":{"start":{"line":14,"column":2},"end":{"line":33,"column":3}},"4":{"start":{"line":16,"column":4},"end":{"line":16,"column":53}},"5":{"start":{"line":17,"column":4},"end":{"line":17,"column":79}},"6":{"start":{"line":20,"column":16},"end":{"line":20,"column":49}},"7":{"start":{"line":23,"column":4},"end":{"line":23,"column":18}},"8":{"start":{"line":26,"column":4},"end":{"line":26,"column":40}},"9":{"start":{"line":27,"column":4},"end":{"line":29,"column":5}},"10":{"start":{"line":28,"column":6},"end":{"line":28,"column":58}},"11":{"start":{"line":30,"column":4},"end":{"line":32,"column":5}},"12":{"start":{"line":31,"column":6},"end":{"line":31,"column":62}},"13":{"start":{"line":36,"column":0},"end":{"line":36,"column":32}}},"fnMap":{"0":{"name":"(anonymous_0)","decl":{"start":{"line":11,"column":19},"end":{"line":11,"column":20}},"loc":{"start":{"line":11,"column":39},"end":{"line":34,"column":1}},"line":11}},"branchMap":{"0":{"loc":{"start":{"line":27,"column":4},"end":{"line":29,"column":5}},"type":"if","locations":[{"start":{"line":27,"column":4},"end":{"line":29,"column":5}},{"start":{},"end":{}}],"line":27},"1":{"loc":{"start":{"line":30,"column":4},"end":{"line":32,"column":5}},"type":"if","locations":[{"start":{"line":30,"column":4},"end":{"line":32,"column":5}},{"start":{},"end":{}}],"line":30}},"s":{"0":1,"1":1,"2":4,"3":4,"4":4,"5":4,"6":4,"7":1,"8":3,"9":3,"10":1,"11":2,"12":1,"13":1},"f":{"0":4},"b":{"0":[1,2],"1":[1,1]},"_coverageSchema":"1a1c01bbd47fc00a2c39e90264f33305004495a9","hash":"1349589b87dc55a135836fc8994307747ba12ec1"}
,"C:\\Users\\joseg\\Documents\\projeto_POO2\\backend\\src\\controllers\\noticiaController.js": {"path":"C:\\Users\\joseg\\Documents\\projeto_POO2\\backend\\src\\controllers\\noticiaController.js","statementMap":{"0":{"start":{"line":8,"column":23},"end":{"line":8,"column":60}},"1":{"start":{"line":12,"column":23},"end":{"line":21,"column":1}},"2":{"start":{"line":13,"column":2},"end":{"line":13,"column":39}},"3":{"start":{"line":14,"column":2},"end":{"line":20,"column":3}},"4":{"start":{"line":15,"column":21},"end":{"line":15,"column":67}},"5":{"start":{"line":16,"column":4},"end":{"line":16,"column":23}},"6":{"start":{"line":18,"column":4},"end":{"line":18,"column":53}},"7":{"start":{"line":19,"column":4},"end":{"line":19,"column":64}},"8":{"start":{"line":25,"column":15},"end":{"line":34,"column":1}},"9":{"start":{"line":26,"column":2},"end":{"line":26,"column":39}},"10":{"start":{"line":27,"column":2},"end":{"line":33,"column":3}},"11":{"start":{"line":28,"column":21},"end":{"line":28,"column":59}},"12":{"start":{"line":29,"column":4},"end":{"line":29,"column":23}},"13":{"start":{"line":31,"column":4},"end":{"line":31,"column":51}},"14":{"start":{"line":32,"column":4},"end":{"line":32,"column":64}},"15":{"start":{"line":39,"column":17},"end":{"line":56,"column":1}},"16":{"start":{"line":40,"column":2},"end":{"line":55,"column":3}},"17":{"start":{"line":41,"column":20},"end":{"line":47,"column":6}},"18":{"start":{"line":48,"column":4},"end":{"line":48,"column":34}},"19":{"start":{"line":50,"column":4},"end":{"line":50,"column":45}},"20":{"start":{"line":51,"column":4},"end":{"line":53,"column":5}},"21":{"start":{"line":52,"column":6},"end":{"line":52,"column":58}},"22":{"start":{"line":54,"column":4},"end":{"line":54,"column":65}},"23":{"start":{"line":59,"column":15},"end":{"line":73,"column":1}},"24":{"start":{"line":60,"column":2},"end":{"line":72,"column":3}},"25":{"start":{"line":61,"column":4},"end":{"line":64,"column":7}},"26":{"start":{"line":65,"column":4},"end":{"line":65,"column":49}},"27":{"start":{"line":67,"column":4},"end":{"line":67,"column":43}},"28":{"start":{"line":68,"column":4},"end":{"line":70,"column":5}},"29":{"start":{"line":69,"column":6},"end":{"line":69,"column":58}},"30":{"start":{"line":71,"column":4},"end":{"line":71,"column":63}},"31":{"start":{"line":76,"column":16},"end":{"line":84,"column":1}},"32":{"start":{"line":77,"column":2},"end":{"line":83,"column":3}},"33":{"start":{"line":78,"column":4},"end":{"line":78,"column":55}},"34":{"start":{"line":79,"column":4},"end":{"line":79,"column":47}},"35":{"start":{"line":81,"column":4},"end":{"line":81,"column":44}},"36":{"start":{"line":82,"column":4},"end":{"line":82,"column":64}},"37":{"start":{"line":86,"column":0},"end":{"line":86,"column":71}}},"fnMap":{"0":{"name":"(anonymous_0)","decl":{"start":{"line":12,"column":23},"end":{"line":12,"column":24}},"loc":{"start":{"line":12,"column":43},"end":{"line":21,"column":1}},"line":12},"1":{"name":"(anonymous_1)","decl":{"start":{"line":25,"column":15},"end":{"line":25,"column":16}},"loc":{"start":{"line":25,"column":35},"end":{"line":34,"column":1}},"line":25},"2":{"name":"(anonymous_2)","decl":{"start":{"line":39,"column":17},"end":{"line":39,"column":18}},"loc":{"start":{"line":39,"column":37},"end":{"line":56,"column":1}},"line":39},"3":{"name":"(anonymous_3)","decl":{"start":{"line":59,"column":15},"end":{"line":59,"column":16}},"loc":{"start":{"line":59,"column":35},"end":{"line":73,"column":1}},"line":59},"4":{"name":"(anonymous_4)","decl":{"start":{"line":76,"column":16},"end":{"line":76,"column":17}},"loc":{"start":{"line":76,"column":36},"end":{"line":84,"column":1}},"line":76}},"branchMap":{"0":{"loc":{"start":{"line":44,"column":18},"end":{"line":44,"column":67}},"type":"cond-expr","locations":[{"start":{"line":44,"column":29},"end":{"line":44,"column":60}},{"start":{"line":44,"column":63},"end":{"line":44,"column":67}}],"line":44},"1":{"loc":{"start":{"line":51,"column":4},"end":{"line":53,"column":5}},"type":"if","locations":[{"start":{"line":51,"column":4},"end":{"line":53,"column":5}},{"start":{},"end":{}}],"line":51},"2":{"loc":{"start":{"line":63,"column":18},"end":{"line":63,"column":67}},"type":"cond-expr","locations":[{"start":{"line":63,"column":29},"end":{"line":63,"column":60}},{"start":{"line":63,"column":63},"end":{"line":63,"column":67}}],"line":63},"3":{"loc":{"start":{"line":68,"column":4},"end":{"line":70,"column":5}},"type":"if","locations":[{"start":{"line":68,"column":4},"end":{"line":70,"column":5}},{"start":{},"end":{}}],"line":68}},"s":{"0":1,"1":1,"2":2,"3":2,"4":2,"5":1,"6":1,"7":1,"8":1,"9":2,"10":2,"11":2,"12":1,"13":1,"14":1,"15":1,"16":4,"17":4,"18":2,"19":2,"20":2,"21":1,"22":1,"23":1,"24":4,"25":4,"26":2,"27":2,"28":2,"29":1,"30":1,"31":1,"32":2,"33":2,"34":1,"35":1,"36":1,"37":1},"f":{"0":2,"1":2,"2":4,"3":4,"4":2},"b":{"0":[1,3],"1":[1,1],"2":[1,3],"3":[1,1]},"_coverageSchema":"1a1c01bbd47fc00a2c39e90264f33305004495a9","hash":"1b2d693867d53eed9e4b53af67b10d2deead44c0"}
,"C:\\Users\\joseg\\Documents\\projeto_POO2\\backend\\src\\controllers\\socioController.js": {"path":"C:\\Users\\joseg\\Documents\\projeto_POO2\\backend\\src\\controllers\\socioController.js","statementMap":{"0":{"start":{"line":10,"column":21},"end":{"line":10,"column":56}},"1":{"start":{"line":14,"column":15},"end":{"line":23,"column":1}},"2":{"start":{"line":15,"column":2},"end":{"line":15,"column":39}},"3":{"start":{"line":16,"column":2},"end":{"line":22,"column":3}},"4":{"start":{"line":17,"column":22},"end":{"line":17,"column":64}},"5":{"start":{"line":18,"column":4},"end":{"line":18,"column":24}},"6":{"start":{"line":20,"column":4},"end":{"line":20,"column":42}},"7":{"start":{"line":21,"column":4},"end":{"line":21,"column":62}},"8":{"start":{"line":28,"column":18},"end":{"line":43,"column":1}},"9":{"start":{"line":29,"column":2},"end":{"line":42,"column":3}},"10":{"start":{"line":30,"column":18},"end":{"line":30,"column":61}},"11":{"start":{"line":31,"column":4},"end":{"line":34,"column":7}},"12":{"start":{"line":36,"column":4},"end":{"line":36,"column":44}},"13":{"start":{"line":38,"column":4},"end":{"line":40,"column":5}},"14":{"start":{"line":39,"column":6},"end":{"line":39,"column":58}},"15":{"start":{"line":41,"column":4},"end":{"line":41,"column":67}},"16":{"start":{"line":46,"column":20},"end":{"line":57,"column":1}},"17":{"start":{"line":47,"column":2},"end":{"line":56,"column":3}},"18":{"start":{"line":48,"column":18},"end":{"line":48,"column":68}},"19":{"start":{"line":49,"column":4},"end":{"line":49,"column":20}},"20":{"start":{"line":51,"column":4},"end":{"line":51,"column":41}},"21":{"start":{"line":52,"column":4},"end":{"line":54,"column":5}},"22":{"start":{"line":53,"column":6},"end":{"line":53,"column":58}},"23":{"start":{"line":55,"column":4},"end":{"line":55,"column":61}},"24":{"start":{"line":60,"column":18},"end":{"line":68,"column":1}},"25":{"start":{"line":61,"column":2},"end":{"line":67,"column":3}},"26":{"start":{"line":62,"column":4},"end":{"line":62,"column":63}},"27":{"start":{"line":63,"column":4},"end":{"line":63,"column":59}},"28":{"start":{"line":65,"column":4},"end":{"line":65,"column":44}},"29":{"start":{"line":66,"column":4},"end":{"line":66,"column":67}},"30":{"start":{"line":70,"column":0},"end":{"line":70,"column":63}}},"fnMap":{"0":{"name":"(anonymous_0)","decl":{"start":{"line":14,"column":15},"end":{"line":14,"column":16}},"loc":{"start":{"line":14,"column":35},"end":{"line":23,"column":1}},"line":14},"1":{"name":"(anonymous_1)","decl":{"start":{"line":28,"column":18},"end":{"line":28,"column":19}},"loc":{"start":{"line":28,"column":38},"end":{"line":43,"column":1}},"line":28},"2":{"name":"(anonymous_2)","decl":{"start":{"line":46,"column":20},"end":{"line":46,"column":21}},"loc":{"start":{"line":46,"column":40},"end":{"line":57,"column":1}},"line":46},"3":{"name":"(anonymous_3)","decl":{"start":{"line":60,"column":18},"end":{"line":60,"column":19}},"loc":{"start":{"line":60,"column":38},"end":{"line":68,"column":1}},"line":60}},"branchMap":{"0":{"loc":{"start":{"line":38,"column":4},"end":{"line":40,"column":5}},"type":"if","locations":[{"start":{"line":38,"column":4},"end":{"line":40,"column":5}},{"start":{},"end":{}}],"line":38},"1":{"loc":{"start":{"line":52,"column":4},"end":{"line":54,"column":5}},"type":"if","locations":[{"start":{"line":52,"column":4},"end":{"line":54,"column":5}},{"start":{},"end":{}}],"line":52}},"s":{"0":1,"1":1,"2":2,"3":2,"4":2,"5":1,"6":1,"7":1,"8":1,"9":3,"10":3,"11":1,"12":2,"13":2,"14":1,"15":1,"16":1,"17":3,"18":3,"19":1,"20":2,"21":2,"22":1,"23":1,"24":1,"25":2,"26":2,"27":1,"28":1,"29":1,"30":1},"f":{"0":2,"1":3,"2":3,"3":2},"b":{"0":[1,1],"1":[1,1]},"_coverageSchema":"1a1c01bbd47fc00a2c39e90264f33305004495a9","hash":"a25180ff17be02e294f57fbeab6e28b26de695e4"}
,"C:\\Users\\joseg\\Documents\\projeto_POO2\\backend\\src\\middlewares\\auth.js": {"path":"C:\\Users\\joseg\\Documents\\projeto_POO2\\backend\\src\\middlewares\\auth.js","statementMap":{"0":{"start":{"line":1,"column":12},"end":{"line":1,"column":35}},"1":{"start":{"line":2,"column":13},"end":{"line":2,"column":42}},"2":{"start":{"line":4,"column":23},"end":{"line":50,"column":1}},"3":{"start":{"line":5,"column":21},"end":{"line":5,"column":46}},"4":{"start":{"line":7,"column":2},"end":{"line":11,"column":3}},"5":{"start":{"line":8,"column":4},"end":{"line":10,"column":7}},"6":{"start":{"line":13,"column":16},"end":{"line":13,"column":40}},"7":{"start":{"line":15,"column":2},"end":{"line":49,"column":3}},"8":{"start":{"line":16,"column":20},"end":{"line":16,"column":61}},"9":{"start":{"line":18,"column":19},"end":{"line":24,"column":5}},"10":{"start":{"line":26,"column":4},"end":{"line":30,"column":5}},"11":{"start":{"line":27,"column":6},"end":{"line":29,"column":9}},"12":{"start":{"line":32,"column":4},"end":{"line":36,"column":5}},"13":{"start":{"line":33,"column":6},"end":{"line":35,"column":9}},"14":{"start":{"line":38,"column":4},"end":{"line":38,"column":33}},"15":{"start":{"line":40,"column":4},"end":{"line":40,"column":18}},"16":{"start":{"line":44,"column":4},"end":{"line":44,"column":56}},"17":{"start":{"line":46,"column":4},"end":{"line":48,"column":7}},"18":{"start":{"line":52,"column":23},"end":{"line":58,"column":1}},"19":{"start":{"line":53,"column":27},"end":{"line":53,"column":38}},"20":{"start":{"line":54,"column":2},"end":{"line":56,"column":3}},"21":{"start":{"line":55,"column":4},"end":{"line":55,"column":75}},"22":{"start":{"line":57,"column":2},"end":{"line":57,"column":9}},"23":{"start":{"line":60,"column":24},"end":{"line":65,"column":1}},"24":{"start":{"line":61,"column":2},"end":{"line":63,"column":3}},"25":{"start":{"line":62,"column":4},"end":{"line":62,"column":77}},"26":{"start":{"line":64,"column":2},"end":{"line":64,"column":9}},"27":{"start":{"line":67,"column":27},"end":{"line":78,"column":1}},"28":{"start":{"line":68,"column":34},"end":{"line":68,"column":45}},"29":{"start":{"line":69,"column":27},"end":{"line":69,"column":80}},"30":{"start":{"line":70,"column":18},"end":{"line":70,"column":64}},"31":{"start":{"line":71,"column":19},"end":{"line":71,"column":51}},"32":{"start":{"line":73,"column":2},"end":{"line":73,"column":41}},"33":{"start":{"line":73,"column":27},"end":{"line":73,"column":41}},"34":{"start":{"line":75,"column":2},"end":{"line":77,"column":5}},"35":{"start":{"line":80,"column":25},"end":{"line":101,"column":1}},"36":{"start":{"line":80,"column":42},"end":{"line":101,"column":1}},"37":{"start":{"line":81,"column":34},"end":{"line":81,"column":45}},"38":{"start":{"line":82,"column":2},"end":{"line":82,"column":68}},"39":{"start":{"line":82,"column":54},"end":{"line":82,"column":68}},"40":{"start":{"line":84,"column":21},"end":{"line":91,"column":3}},"41":{"start":{"line":93,"column":27},"end":{"line":93,"column":56}},"42":{"start":{"line":94,"column":2},"end":{"line":96,"column":3}},"43":{"start":{"line":95,"column":4},"end":{"line":95,"column":18}},"44":{"start":{"line":98,"column":2},"end":{"line":100,"column":5}},"45":{"start":{"line":104,"column":0},"end":{"line":110,"column":2}}},"fnMap":{"0":{"name":"(anonymous_0)","decl":{"start":{"line":4,"column":23},"end":{"line":4,"column":24}},"loc":{"start":{"line":4,"column":49},"end":{"line":50,"column":1}},"line":4},"1":{"name":"(anonymous_1)","decl":{"start":{"line":52,"column":23},"end":{"line":52,"column":24}},"loc":{"start":{"line":52,"column":43},"end":{"line":58,"column":1}},"line":52},"2":{"name":"(anonymous_2)","decl":{"start":{"line":60,"column":24},"end":{"line":60,"column":25}},"loc":{"start":{"line":60,"column":44},"end":{"line":65,"column":1}},"line":60},"3":{"name":"(anonymous_3)","decl":{"start":{"line":67,"column":27},"end":{"line":67,"column":28}},"loc":{"start":{"line":67,"column":47},"end":{"line":78,"column":1}},"line":67},"4":{"name":"(anonymous_4)","decl":{"start":{"line":80,"column":25},"end":{"line":80,"column":26}},"loc":{"start":{"line":80,"column":42},"end":{"line":101,"column":1}},"line":80},"5":{"name":"(anonymous_5)","decl":{"start":{"line":80,"column":42},"end":{"line":80,"column":43}},"loc":{"start":{"line":80,"column":62},"end":{"line":101,"column":1}},"line":80}},"branchMap":{"0":{"loc":{"start":{"line":7,"column":2},"end":{"line":11,"column":3}},"type":"if","locations":[{"start":{"line":7,"column":2},"end":{"line":11,"column":3}},{"start":{},"end":{}}],"line":7},"1":{"loc":{"start":{"line":26,"column":4},"end":{"line":30,"column":5}},"type":"if","locations":[{"start":{"line":26,"column":4},"end":{"line":30,"column":5}},{"start":{},"end":{}}],"line":26},"2":{"loc":{"start":{"line":32,"column":4},"end":{"line":36,"column":5}},"type":"if","locations":[{"start":{"line":32,"column":4},"end":{"line":36,"column":5}},{"start":{},"end":{}}],"line":32},"3":{"loc":{"start":{"line":54,"column":2},"end":{"line":56,"column":3}},"type":"if","locations":[{"start":{"line":54,"column":2},"end":{"line":56,"column":3}},{"start":{},"end":{}}],"line":54},"4":{"loc":{"start":{"line":61,"column":2},"end":{"line":63,"column":3}},"type":"if","locations":[{"start":{"line":61,"column":2},"end":{"line":63,"column":3}},{"start":{},"end":{}}],"line":61},"5":{"loc":{"start":{"line":73,"column":2},"end":{"line":73,"column":41}},"type":"if","locations":[{"start":{"line":73,"column":2},"end":{"line":73,"column":41}},{"start":{},"end":{}}],"line":73},"6":{"loc":{"start":{"line":73,"column":6},"end":{"line":73,"column":25}},"type":"binary-expr","locations":[{"start":{"line":73,"column":6},"end":{"line":73,"column":13}},{"start":{"line":73,"column":17},"end":{"line":73,"column":25}}],"line":73},"7":{"loc":{"start":{"line":82,"column":2},"end":{"line":82,"column":68}},"type":"if","locations":[{"start":{"line":82,"column":2},"end":{"line":82,"column":68}},{"start":{},"end":{}}],"line":82},"8":{"loc":{"start":{"line":93,"column":27},"end":{"line":93,"column":56}},"type":"binary-expr","locations":[{"start":{"line":93,"column":27},"end":{"line":93,"column":50}},{"start":{"line":93,"column":54},"end":{"line":93,"column":56}}],"line":93},"9":{"loc":{"start":{"line":94,"column":2},"end":{"line":96,"column":3}},"type":"if","locations":[{"start":{"line":94,"column":2},"end":{"line":96,"column":3}},{"start":{},"end":{}}],"line":94},"10":{"loc":{"start":{"line":94,"column":6},"end":{"line":94,"column":81}},"type":"binary-expr","locations":[{"start":{"line":94,"column":6},"end":{"line":94,"column":38}},{"start":{"line":94,"column":42},"end":{"line":94,"column":81}}],"line":94}},"s":{"0":1,"1":1,"2":1,"3":5,"4":5,"5":1,"6":4,"7":4,"8":4,"9":3,"10":3,"11":1,"12":2,"13":1,"14":1,"15":1,"16":1,"17":1,"18":1,"19":5,"20":5,"21":2,"22":3,"23":1,"24":4,"25":2,"26":2,"27":1,"28":6,"29":6,"30":6,"31":6,"32":6,"33":4,"34":2,"35":1,"36":0,"37":0,"38":0,"39":0,"40":0,"41":0,"42":0,"43":0,"44":0,"45":1},"f":{"0":5,"1":5,"2":4,"3":6,"4":0,"5":0},"b":{"0":[1,4],"1":[1,2],"2":[1,1],"3":[2,3],"4":[2,2],"5":[4,2],"6":[6,4],"7":[0,0],"8":[0,0],"9":[0,0],"10":[0,0]},"_coverageSchema":"1a1c01bbd47fc00a2c39e90264f33305004495a9","hash":"36b464a5f9d21e02cbb9ee6809dd1d5103f21937"}
,"C:\\Users\\joseg\\Documents\\projeto_POO2\\backend\\src\\routes\\index.js": {"path":"C:\\Users\\joseg\\Documents\\projeto_POO2\\backend\\src\\routes\\index.js","statementMap":{"0":{"start":{"line":1,"column":16},"end":{"line":1,"column":34}},"1":{"start":{"line":2,"column":15},"end":{"line":2,"column":31}},"2":{"start":{"line":3,"column":15},"end":{"line":3,"column":42}},"3":{"start":{"line":10,"column":4},"end":{"line":10,"column":34}},"4":{"start":{"line":12,"column":23},"end":{"line":12,"column":63}},"5":{"start":{"line":13,"column":24},"end":{"line":13,"column":65}},"6":{"start":{"line":14,"column":26},"end":{"line":14,"column":69}},"7":{"start":{"line":17,"column":0},"end":{"line":17,"column":49}},"8":{"start":{"line":18,"column":0},"end":{"line":18,"column":66}},"9":{"start":{"line":19,"column":0},"end":{"line":19,"column":70}},"10":{"start":{"line":23,"column":0},"end":{"line":23,"column":86}},"11":{"start":{"line":24,"column":0},"end":{"line":24,"column":78}},"12":{"start":{"line":25,"column":0},"end":{"line":25,"column":71}},"13":{"start":{"line":26,"column":0},"end":{"line":26,"column":69}},"14":{"start":{"line":31,"column":0},"end":{"line":31,"column":65}},"15":{"start":{"line":32,"column":0},"end":{"line":32,"column":66}},"16":{"start":{"line":34,"column":0},"end":{"line":40,"column":31}},"17":{"start":{"line":35,"column":2},"end":{"line":39,"column":5}},"18":{"start":{"line":36,"column":4},"end":{"line":36,"column":117}},"19":{"start":{"line":36,"column":41},"end":{"line":36,"column":117}},"20":{"start":{"line":37,"column":4},"end":{"line":37,"column":65}},"21":{"start":{"line":37,"column":13},"end":{"line":37,"column":65}},"22":{"start":{"line":38,"column":4},"end":{"line":38,"column":11}},"23":{"start":{"line":42,"column":0},"end":{"line":48,"column":29}},"24":{"start":{"line":43,"column":2},"end":{"line":47,"column":5}},"25":{"start":{"line":44,"column":4},"end":{"line":44,"column":117}},"26":{"start":{"line":44,"column":41},"end":{"line":44,"column":117}},"27":{"start":{"line":45,"column":4},"end":{"line":45,"column":65}},"28":{"start":{"line":45,"column":13},"end":{"line":45,"column":65}},"29":{"start":{"line":46,"column":4},"end":{"line":46,"column":11}},"30":{"start":{"line":50,"column":0},"end":{"line":50,"column":90}},"31":{"start":{"line":53,"column":24},"end":{"line":53,"column":65}},"32":{"start":{"line":54,"column":0},"end":{"line":54,"column":60}},"33":{"start":{"line":55,"column":0},"end":{"line":55,"column":24}}},"fnMap":{"0":{"name":"(anonymous_0)","decl":{"start":{"line":34,"column":57},"end":{"line":34,"column":58}},"loc":{"start":{"line":34,"column":77},"end":{"line":40,"column":1}},"line":34},"1":{"name":"(anonymous_1)","decl":{"start":{"line":35,"column":36},"end":{"line":35,"column":37}},"loc":{"start":{"line":35,"column":45},"end":{"line":39,"column":3}},"line":35},"2":{"name":"(anonymous_2)","decl":{"start":{"line":42,"column":60},"end":{"line":42,"column":61}},"loc":{"start":{"line":42,"column":80},"end":{"line":48,"column":1}},"line":42},"3":{"name":"(anonymous_3)","decl":{"start":{"line":43,"column":36},"end":{"line":43,"column":37}},"loc":{"start":{"line":43,"column":45},"end":{"line":47,"column":3}},"line":43}},"branchMap":{"0":{"loc":{"start":{"line":36,"column":4},"end":{"line":36,"column":117}},"type":"if","locations":[{"start":{"line":36,"column":4},"end":{"line":36,"column":117}},{"start":{},"end":{}}],"line":36},"1":{"loc":{"start":{"line":37,"column":4},"end":{"line":37,"column":65}},"type":"if","locations":[{"start":{"line":37,"column":4},"end":{"line":37,"column":65}},{"start":{},"end":{}}],"line":37},"2":{"loc":{"start":{"line":44,"column":4},"end":{"line":44,"column":117}},"type":"if","locations":[{"start":{"line":44,"column":4},"end":{"line":44,"column":117}},{"start":{},"end":{}}],"line":44},"3":{"loc":{"start":{"line":45,"column":4},"end":{"line":45,"column":65}},"type":"if","locations":[{"start":{"line":45,"column":4},"end":{"line":45,"column":65}},{"start":{},"end":{}}],"line":45}},"s":{"0":1,"1":1,"2":1,"3":1,"4":1,"5":1,"6":1,"7":1,"8":1,"9":1,"10":1,"11":1,"12":1,"13":1,"14":1,"15":1,"16":1,"17":2,"18":2,"19":1,"20":1,"21":0,"22":1,"23":1,"24":1,"25":1,"26":0,"27":1,"28":1,"29":0,"30":1,"31":1,"32":1,"33":1},"f":{"0":2,"1":2,"2":1,"3":1},"b":{"0":[1,1],"1":[0,1],"2":[0,1],"3":[1,0]},"_coverageSchema":"1a1c01bbd47fc00a2c39e90264f33305004495a9","hash":"15d29041127b7b8f901320770c83d709da8ac8ce"}
,"C:\\Users\\joseg\\Documents\\projeto_POO2\\backend\\src\\services\\authService.js": {"path":"C:\\Users\\joseg\\Documents\\projeto_POO2\\backend\\src\\services\\authService.js","statementMap":{"0":{"start":{"line":11,"column":15},"end":{"line":11,"column":34}},"1":{"start":{"line":12,"column":12},"end":{"line":12,"column":35}},"2":{"start":{"line":13,"column":13},"end":{"line":13,"column":42}},"3":{"start":{"line":20,"column":29},"end":{"line":61,"column":1}},"4":{"start":{"line":65,"column":24},"end":{"line":67,"column":1}},"5":{"start":{"line":66,"column":2},"end":{"line":66,"column":77}},"6":{"start":{"line":77,"column":19},"end":{"line":127,"column":1}},"7":{"start":{"line":79,"column":17},"end":{"line":84,"column":3}},"8":{"start":{"line":87,"column":2},"end":{"line":89,"column":3}},"9":{"start":{"line":88,"column":4},"end":{"line":88,"column":51}},"10":{"start":{"line":91,"column":16},"end":{"line":91,"column":30}},"11":{"start":{"line":94,"column":2},"end":{"line":96,"column":3}},"12":{"start":{"line":95,"column":4},"end":{"line":95,"column":32}},"13":{"start":{"line":99,"column":23},"end":{"line":99,"column":68}},"14":{"start":{"line":100,"column":2},"end":{"line":102,"column":3}},"15":{"start":{"line":101,"column":4},"end":{"line":101,"column":51}},"16":{"start":{"line":105,"column":16},"end":{"line":109,"column":3}},"17":{"start":{"line":112,"column":21},"end":{"line":112,"column":56}},"18":{"start":{"line":114,"column":2},"end":{"line":126,"column":4}},"19":{"start":{"line":132,"column":21},"end":{"line":153,"column":1}},"20":{"start":{"line":133,"column":17},"end":{"line":143,"column":3}},"21":{"start":{"line":145,"column":2},"end":{"line":147,"column":3}},"22":{"start":{"line":146,"column":4},"end":{"line":146,"column":47}},"23":{"start":{"line":150,"column":21},"end":{"line":150,"column":65}},"24":{"start":{"line":152,"column":2},"end":{"line":152,"column":43}},"25":{"start":{"line":158,"column":20},"end":{"line":181,"column":1}},"26":{"start":{"line":160,"column":2},"end":{"line":162,"column":3}},"27":{"start":{"line":161,"column":4},"end":{"line":161,"column":68}},"28":{"start":{"line":164,"column":17},"end":{"line":167,"column":3}},"29":{"start":{"line":170,"column":23},"end":{"line":170,"column":82}},"30":{"start":{"line":171,"column":2},"end":{"line":173,"column":3}},"31":{"start":{"line":172,"column":4},"end":{"line":172,"column":46}},"32":{"start":{"line":176,"column":19},"end":{"line":176,"column":51}},"33":{"start":{"line":177,"column":2},"end":{"line":180,"column":4}},"34":{"start":{"line":183,"column":0},"end":{"line":183,"column":76}}},"fnMap":{"0":{"name":"(anonymous_0)","decl":{"start":{"line":65,"column":24},"end":{"line":65,"column":25}},"loc":{"start":{"line":65,"column":42},"end":{"line":67,"column":1}},"line":65},"1":{"name":"(anonymous_1)","decl":{"start":{"line":77,"column":19},"end":{"line":77,"column":20}},"loc":{"start":{"line":77,"column":43},"end":{"line":127,"column":1}},"line":77},"2":{"name":"(anonymous_2)","decl":{"start":{"line":132,"column":21},"end":{"line":132,"column":22}},"loc":{"start":{"line":132,"column":35},"end":{"line":153,"column":1}},"line":132},"3":{"name":"(anonymous_3)","decl":{"start":{"line":158,"column":20},"end":{"line":158,"column":21}},"loc":{"start":{"line":158,"column":57},"end":{"line":181,"column":1}},"line":158}},"branchMap":{"0":{"loc":{"start":{"line":66,"column":9},"end":{"line":66,"column":76}},"type":"binary-expr","locations":[{"start":{"line":66,"column":9},"end":{"line":66,"column":43}},{"start":{"line":66,"column":47},"end":{"line":66,"column":76}}],"line":66},"1":{"loc":{"start":{"line":87,"column":2},"end":{"line":89,"column":3}},"type":"if","locations":[{"start":{"line":87,"column":2},"end":{"line":89,"column":3}},{"start":{},"end":{}}],"line":87},"2":{"loc":{"start":{"line":94,"column":2},"end":{"line":96,"column":3}},"type":"if","locations":[{"start":{"line":94,"column":2},"end":{"line":96,"column":3}},{"start":{},"end":{}}],"line":94},"3":{"loc":{"start":{"line":100,"column":2},"end":{"line":102,"column":3}},"type":"if","locations":[{"start":{"line":100,"column":2},"end":{"line":102,"column":3}},{"start":{},"end":{}}],"line":100},"4":{"loc":{"start":{"line":108,"column":17},"end":{"line":108,"column":51}},"type":"binary-expr","locations":[{"start":{"line":108,"column":17},"end":{"line":108,"column":43}},{"start":{"line":108,"column":47},"end":{"line":108,"column":51}}],"line":108},"5":{"loc":{"start":{"line":145,"column":2},"end":{"line":147,"column":3}},"type":"if","locations":[{"start":{"line":145,"column":2},"end":{"line":147,"column":3}},{"start":{},"end":{}}],"line":145},"6":{"loc":{"start":{"line":160,"column":2},"end":{"line":162,"column":3}},"type":"if","locations":[{"start":{"line":160,"column":2},"end":{"line":162,"column":3}},{"start":{},"end":{}}],"line":160},"7":{"loc":{"start":{"line":171,"column":2},"end":{"line":173,"column":3}},"type":"if","locations":[{"start":{"line":171,"column":2},"end":{"line":173,"column":3}},{"start":{},"end":{}}],"line":171}},"s":{"0":1,"1":1,"2":1,"3":1,"4":1,"5":8,"6":1,"7":5,"8":5,"9":1,"10":4,"11":4,"12":1,"13":3,"14":3,"15":1,"16":2,"17":2,"18":2,"19":1,"20":2,"21":2,"22":1,"23":1,"24":1,"25":1,"26":3,"27":1,"28":2,"29":2,"30":2,"31":1,"32":1,"33":1,"34":1},"f":{"0":8,"1":5,"2":2,"3":3},"b":{"0":[8,1],"1":[1,4],"2":[1,3],"3":[1,2],"4":[2,2],"5":[1,1],"6":[1,2],"7":[1,1]},"_coverageSchema":"1a1c01bbd47fc00a2c39e90264f33305004495a9","hash":"47595219d758f5dc7caaf3a73ac5f2c9f3f1b08a"}
,"C:\\Users\\joseg\\Documents\\projeto_POO2\\backend\\src\\services\\fichaBuilder.js": {"path":"C:\\Users\\joseg\\Documents\\projeto_POO2\\backend\\src\\services\\fichaBuilder.js","statementMap":{"0":{"start":{"line":14,"column":20},"end":{"line":14,"column":37}},"1":{"start":{"line":15,"column":13},"end":{"line":15,"column":33}},"2":{"start":{"line":20,"column":18},"end":{"line":20,"column":75}},"3":{"start":{"line":27,"column":16},"end":{"line":31,"column":1}},"4":{"start":{"line":28,"column":2},"end":{"line":28,"column":21}},"5":{"start":{"line":28,"column":10},"end":{"line":28,"column":21}},"6":{"start":{"line":29,"column":13},"end":{"line":29,"column":24}},"7":{"start":{"line":30,"column":2},"end":{"line":30,"column":114}},"8":{"start":{"line":34,"column":12},"end":{"line":34,"column":54}},"9":{"start":{"line":34,"column":19},"end":{"line":34,"column":54}},"10":{"start":{"line":39,"column":11},"end":{"line":39,"column":17}},"11":{"start":{"line":40,"column":11},"end":{"line":40,"column":13}},"12":{"start":{"line":41,"column":11},"end":{"line":41,"column":21}},"13":{"start":{"line":42,"column":14},"end":{"line":42,"column":16}},"14":{"start":{"line":43,"column":11},"end":{"line":43,"column":12}},"15":{"start":{"line":54,"column":13},"end":{"line":63,"column":1}},"16":{"start":{"line":56,"column":2},"end":{"line":56,"column":39}},"17":{"start":{"line":58,"column":2},"end":{"line":59,"column":55}},"18":{"start":{"line":61,"column":2},"end":{"line":62,"column":55}},"19":{"start":{"line":70,"column":23},"end":{"line":219,"column":1}},"20":{"start":{"line":71,"column":14},"end":{"line":71,"column":56}},"21":{"start":{"line":75,"column":2},"end":{"line":80,"column":3}},"22":{"start":{"line":76,"column":4},"end":{"line":76,"column":47}},"23":{"start":{"line":79,"column":4},"end":{"line":79,"column":67}},"24":{"start":{"line":83,"column":2},"end":{"line":84,"column":89}},"25":{"start":{"line":85,"column":2},"end":{"line":89,"column":87}},"26":{"start":{"line":92,"column":2},"end":{"line":92,"column":56}},"27":{"start":{"line":95,"column":2},"end":{"line":96,"column":96}},"28":{"start":{"line":98,"column":10},"end":{"line":98,"column":13}},"29":{"start":{"line":102,"column":2},"end":{"line":102,"column":57}},"30":{"start":{"line":105,"column":2},"end":{"line":105,"column":59}},"31":{"start":{"line":106,"column":2},"end":{"line":107,"column":78}},"32":{"start":{"line":108,"column":2},"end":{"line":109,"column":81}},"33":{"start":{"line":110,"column":2},"end":{"line":110,"column":13}},"34":{"start":{"line":113,"column":16},"end":{"line":113,"column":19}},"35":{"start":{"line":113,"column":28},"end":{"line":113,"column":46}},"36":{"start":{"line":114,"column":2},"end":{"line":114,"column":83}},"37":{"start":{"line":116,"column":17},"end":{"line":116,"column":75}},"38":{"start":{"line":117,"column":2},"end":{"line":117,"column":58}},"39":{"start":{"line":118,"column":2},"end":{"line":118,"column":13}},"40":{"start":{"line":121,"column":15},"end":{"line":121,"column":18}},"41":{"start":{"line":121,"column":28},"end":{"line":121,"column":45}},"42":{"start":{"line":122,"column":2},"end":{"line":122,"column":69}},"43":{"start":{"line":123,"column":2},"end":{"line":123,"column":94}},"44":{"start":{"line":124,"column":2},"end":{"line":124,"column":13}},"45":{"start":{"line":127,"column":14},"end":{"line":127,"column":17}},"46":{"start":{"line":127,"column":26},"end":{"line":127,"column":34}},"47":{"start":{"line":128,"column":2},"end":{"line":128,"column":48}},"48":{"start":{"line":129,"column":2},"end":{"line":129,"column":57}},"49":{"start":{"line":130,"column":2},"end":{"line":130,"column":13}},"50":{"start":{"line":133,"column":2},"end":{"line":133,"column":62}},"51":{"start":{"line":134,"column":2},"end":{"line":134,"column":13}},"52":{"start":{"line":137,"column":2},"end":{"line":137,"column":62}},"53":{"start":{"line":138,"column":2},"end":{"line":138,"column":13}},"54":{"start":{"line":141,"column":15},"end":{"line":141,"column":18}},"55":{"start":{"line":141,"column":29},"end":{"line":141,"column":38}},"56":{"start":{"line":142,"column":2},"end":{"line":142,"column":61}},"57":{"start":{"line":143,"column":2},"end":{"line":143,"column":65}},"58":{"start":{"line":144,"column":2},"end":{"line":144,"column":13}},"59":{"start":{"line":147,"column":15},"end":{"line":147,"column":18}},"60":{"start":{"line":147,"column":27},"end":{"line":147,"column":29}},"61":{"start":{"line":147,"column":38},"end":{"line":147,"column":54}},"62":{"start":{"line":148,"column":2},"end":{"line":148,"column":72}},"63":{"start":{"line":149,"column":2},"end":{"line":149,"column":69}},"64":{"start":{"line":150,"column":2},"end":{"line":150,"column":80}},"65":{"start":{"line":151,"column":2},"end":{"line":151,"column":13}},"66":{"start":{"line":154,"column":15},"end":{"line":154,"column":18}},"67":{"start":{"line":154,"column":26},"end":{"line":154,"column":28}},"68":{"start":{"line":154,"column":37},"end":{"line":154,"column":52}},"69":{"start":{"line":155,"column":2},"end":{"line":155,"column":66}},"70":{"start":{"line":156,"column":2},"end":{"line":156,"column":64}},"71":{"start":{"line":157,"column":2},"end":{"line":157,"column":73}},"72":{"start":{"line":158,"column":2},"end":{"line":158,"column":17}},"73":{"start":{"line":161,"column":2},"end":{"line":161,"column":75}},"74":{"start":{"line":162,"column":2},"end":{"line":162,"column":13}},"75":{"start":{"line":164,"column":15},"end":{"line":164,"column":18}},"76":{"start":{"line":164,"column":27},"end":{"line":164,"column":36}},"77":{"start":{"line":165,"column":2},"end":{"line":165,"column":69}},"78":{"start":{"line":166,"column":2},"end":{"line":166,"column":62}},"79":{"start":{"line":167,"column":2},"end":{"line":167,"column":13}},"80":{"start":{"line":169,"column":15},"end":{"line":169,"column":18}},"81":{"start":{"line":169,"column":27},"end":{"line":169,"column":36}},"82":{"start":{"line":170,"column":2},"end":{"line":170,"column":72}},"83":{"start":{"line":171,"column":2},"end":{"line":171,"column":79}},"84":{"start":{"line":172,"column":2},"end":{"line":172,"column":17}},"85":{"start":{"line":176,"column":21},"end":{"line":182,"column":3}},"86":{"start":{"line":184,"column":2},"end":{"line":190,"column":5}},"87":{"start":{"line":185,"column":4},"end":{"line":185,"column":45}},"88":{"start":{"line":186,"column":4},"end":{"line":187,"column":80}},"89":{"start":{"line":188,"column":4},"end":{"line":188,"column":43}},"90":{"start":{"line":189,"column":4},"end":{"line":189,"column":15}},"91":{"start":{"line":193,"column":2},"end":{"line":193,"column":10}},"92":{"start":{"line":194,"column":16},"end":{"line":194,"column":27}},"93":{"start":{"line":196,"column":2},"end":{"line":196,"column":65}},"94":{"start":{"line":198,"column":2},"end":{"line":198,"column":71}},"95":{"start":{"line":200,"column":2},"end":{"line":200,"column":9}},"96":{"start":{"line":201,"column":2},"end":{"line":203,"column":80}},"97":{"start":{"line":206,"column":2},"end":{"line":206,"column":10}},"98":{"start":{"line":207,"column":2},"end":{"line":213,"column":6}},"99":{"start":{"line":216,"column":2},"end":{"line":216,"column":12}},"100":{"start":{"line":218,"column":2},"end":{"line":218,"column":13}},"101":{"start":{"line":221,"column":0},"end":{"line":221,"column":36}}},"fnMap":{"0":{"name":"(anonymous_0)","decl":{"start":{"line":27,"column":16},"end":{"line":27,"column":17}},"loc":{"start":{"line":27,"column":23},"end":{"line":31,"column":1}},"line":27},"1":{"name":"(anonymous_1)","decl":{"start":{"line":34,"column":12},"end":{"line":34,"column":13}},"loc":{"start":{"line":34,"column":19},"end":{"line":34,"column":54}},"line":34},"2":{"name":"(anonymous_2)","decl":{"start":{"line":54,"column":13},"end":{"line":54,"column":14}},"loc":{"start":{"line":54,"column":49},"end":{"line":63,"column":1}},"line":54},"3":{"name":"(anonymous_3)","decl":{"start":{"line":70,"column":23},"end":{"line":70,"column":24}},"loc":{"start":{"line":70,"column":30},"end":{"line":219,"column":1}},"line":70},"4":{"name":"(anonymous_4)","decl":{"start":{"line":184,"column":21},"end":{"line":184,"column":22}},"loc":{"start":{"line":184,"column":41},"end":{"line":190,"column":3}},"line":184}},"branchMap":{"0":{"loc":{"start":{"line":28,"column":2},"end":{"line":28,"column":21}},"type":"if","locations":[{"start":{"line":28,"column":2},"end":{"line":28,"column":21}},{"start":{},"end":{}}],"line":28},"1":{"loc":{"start":{"line":34,"column":19},"end":{"line":34,"column":54}},"type":"cond-expr","locations":[{"start":{"line":34,"column":39},"end":{"line":34,"column":48}},{"start":{"line":34,"column":51},"end":{"line":34,"column":54}}],"line":34},"2":{"loc":{"start":{"line":34,"column":19},"end":{"line":34,"column":36}},"type":"binary-expr","locations":[{"start":{"line":34,"column":19},"end":{"line":34,"column":20}},{"start":{"line":34,"column":24},"end":{"line":34,"column":36}}],"line":34},"3":{"loc":{"start":{"line":116,"column":17},"end":{"line":116,"column":75}},"type":"cond-expr","locations":[{"start":{"line":116,"column":36},"end":{"line":116,"column":54}},{"start":{"line":116,"column":57},"end":{"line":116,"column":75}}],"line":116},"4":{"loc":{"start":{"line":123,"column":60},"end":{"line":123,"column":91}},"type":"binary-expr","locations":[{"start":{"line":123,"column":60},"end":{"line":123,"column":75}},{"start":{"line":123,"column":79},"end":{"line":123,"column":91}}],"line":123}},"s":{"0":1,"1":1,"2":1,"3":1,"4":12,"5":2,"6":10,"7":10,"8":1,"9":150,"10":1,"11":1,"12":1,"13":1,"14":1,"15":1,"16":132,"17":132,"18":132,"19":1,"20":6,"21":6,"22":6,"23":0,"24":6,"25":6,"26":6,"27":6,"28":6,"29":6,"30":6,"31":6,"32":6,"33":6,"34":6,"35":6,"36":6,"37":6,"38":6,"39":6,"40":6,"41":6,"42":6,"43":6,"44":6,"45":6,"46":6,"47":6,"48":6,"49":6,"50":6,"51":6,"52":6,"53":6,"54":6,"55":6,"56":6,"57":6,"58":6,"59":6,"60":6,"61":6,"62":6,"63":6,"64":6,"65":6,"66":6,"67":6,"68":6,"69":6,"70":6,"71":6,"72":6,"73":6,"74":6,"75":6,"76":6,"77":6,"78":6,"79":6,"80":6,"81":6,"82":6,"83":6,"84":6,"85":6,"86":6,"87":30,"88":30,"89":30,"90":30,"91":6,"92":6,"93":6,"94":6,"95":6,"96":6,"97":6,"98":6,"99":6,"100":6,"101":1},"f":{"0":12,"1":150,"2":132,"3":6,"4":30},"b":{"0":[2,10],"1":[127,23],"2":[150,127],"3":[5,1],"4":[6,1]},"_coverageSchema":"1a1c01bbd47fc00a2c39e90264f33305004495a9","hash":"ca9407cec09dcd7dd5f2a95b87aad47f9bcf1b5e"}
,"C:\\Users\\joseg\\Documents\\projeto_POO2\\backend\\src\\services\\fichaService.js": {"path":"C:\\Users\\joseg\\Documents\\projeto_POO2\\backend\\src\\services\\fichaService.js","statementMap":{"0":{"start":{"line":9,"column":13},"end":{"line":9,"column":42}},"1":{"start":{"line":10,"column":27},"end":{"line":10,"column":52}},"2":{"start":{"line":18,"column":19},"end":{"line":34,"column":1}},"3":{"start":{"line":19,"column":17},"end":{"line":22,"column":3}},"4":{"start":{"line":25,"column":2},"end":{"line":27,"column":3}},"5":{"start":{"line":26,"column":4},"end":{"line":26,"column":45}},"6":{"start":{"line":29,"column":16},"end":{"line":29,"column":30}},"7":{"start":{"line":33,"column":2},"end":{"line":33,"column":31}},"8":{"start":{"line":36,"column":0},"end":{"line":36,"column":32}}},"fnMap":{"0":{"name":"(anonymous_0)","decl":{"start":{"line":18,"column":19},"end":{"line":18,"column":20}},"loc":{"start":{"line":18,"column":33},"end":{"line":34,"column":1}},"line":18}},"branchMap":{"0":{"loc":{"start":{"line":25,"column":2},"end":{"line":27,"column":3}},"type":"if","locations":[{"start":{"line":25,"column":2},"end":{"line":27,"column":3}},{"start":{},"end":{}}],"line":25}},"s":{"0":1,"1":1,"2":1,"3":3,"4":3,"5":1,"6":2,"7":2,"8":1},"f":{"0":3},"b":{"0":[1,2]},"_coverageSchema":"1a1c01bbd47fc00a2c39e90264f33305004495a9","hash":"5f80c43187f8c927ce3147b661a06eb828db85d4"}
,"C:\\Users\\joseg\\Documents\\projeto_POO2\\backend\\src\\services\\noticiaService.js": {"path":"C:\\Users\\joseg\\Documents\\projeto_POO2\\backend\\src\\services\\noticiaService.js","statementMap":{"0":{"start":{"line":11,"column":13},"end":{"line":11,"column":42}},"1":{"start":{"line":17,"column":23},"end":{"line":36,"column":1}},"2":{"start":{"line":18,"column":14},"end":{"line":18,"column":46}},"3":{"start":{"line":19,"column":17},"end":{"line":19,"column":19}},"4":{"start":{"line":22,"column":2},"end":{"line":25,"column":3}},"5":{"start":{"line":23,"column":4},"end":{"line":23,"column":35}},"6":{"start":{"line":24,"column":4},"end":{"line":24,"column":27}},"7":{"start":{"line":27,"column":17},"end":{"line":33,"column":3}},"8":{"start":{"line":35,"column":2},"end":{"line":35,"column":21}},"9":{"start":{"line":42,"column":15},"end":{"line":60,"column":1}},"10":{"start":{"line":43,"column":14},"end":{"line":43,"column":75}},"11":{"start":{"line":44,"column":17},"end":{"line":44,"column":19}},"12":{"start":{"line":46,"column":2},"end":{"line":49,"column":3}},"13":{"start":{"line":47,"column":4},"end":{"line":47,"column":35}},"14":{"start":{"line":48,"column":4},"end":{"line":48,"column":27}},"15":{"start":{"line":51,"column":17},"end":{"line":57,"column":3}},"16":{"start":{"line":59,"column":2},"end":{"line":59,"column":21}},"17":{"start":{"line":67,"column":24},"end":{"line":89,"column":1}},"18":{"start":{"line":69,"column":2},"end":{"line":71,"column":3}},"19":{"start":{"line":70,"column":4},"end":{"line":70,"column":59}},"20":{"start":{"line":73,"column":17},"end":{"line":86,"column":3}},"21":{"start":{"line":88,"column":2},"end":{"line":88,"column":24}},"22":{"start":{"line":94,"column":22},"end":{"line":114,"column":1}},"23":{"start":{"line":96,"column":16},"end":{"line":99,"column":3}},"24":{"start":{"line":101,"column":2},"end":{"line":103,"column":3}},"25":{"start":{"line":102,"column":4},"end":{"line":102,"column":47}},"26":{"start":{"line":106,"column":22},"end":{"line":106,"column":60}},"27":{"start":{"line":108,"column":2},"end":{"line":113,"column":4}},"28":{"start":{"line":120,"column":23},"end":{"line":125,"column":1}},"29":{"start":{"line":121,"column":2},"end":{"line":124,"column":4}},"30":{"start":{"line":127,"column":0},"end":{"line":133,"column":2}}},"fnMap":{"0":{"name":"(anonymous_0)","decl":{"start":{"line":17,"column":23},"end":{"line":17,"column":24}},"loc":{"start":{"line":17,"column":53},"end":{"line":36,"column":1}},"line":17},"1":{"name":"(anonymous_1)","decl":{"start":{"line":42,"column":15},"end":{"line":42,"column":16}},"loc":{"start":{"line":42,"column":45},"end":{"line":60,"column":1}},"line":42},"2":{"name":"(anonymous_2)","decl":{"start":{"line":67,"column":24},"end":{"line":67,"column":25}},"loc":{"start":{"line":67,"column":115},"end":{"line":89,"column":1}},"line":67},"3":{"name":"(anonymous_3)","decl":{"start":{"line":94,"column":22},"end":{"line":94,"column":23}},"loc":{"start":{"line":94,"column":95},"end":{"line":114,"column":1}},"line":94},"4":{"name":"(anonymous_4)","decl":{"start":{"line":120,"column":23},"end":{"line":120,"column":24}},"loc":{"start":{"line":120,"column":37},"end":{"line":125,"column":1}},"line":120}},"branchMap":{"0":{"loc":{"start":{"line":17,"column":30},"end":{"line":17,"column":48}},"type":"default-arg","locations":[{"start":{"line":17,"column":46},"end":{"line":17,"column":48}}],"line":17},"1":{"loc":{"start":{"line":22,"column":2},"end":{"line":25,"column":3}},"type":"if","locations":[{"start":{"line":22,"column":2},"end":{"line":25,"column":3}},{"start":{},"end":{}}],"line":22},"2":{"loc":{"start":{"line":42,"column":22},"end":{"line":42,"column":40}},"type":"default-arg","locations":[{"start":{"line":42,"column":38},"end":{"line":42,"column":40}}],"line":42},"3":{"loc":{"start":{"line":46,"column":2},"end":{"line":49,"column":3}},"type":"if","locations":[{"start":{"line":46,"column":2},"end":{"line":49,"column":3}},{"start":{},"end":{}}],"line":46},"4":{"loc":{"start":{"line":69,"column":2},"end":{"line":71,"column":3}},"type":"if","locations":[{"start":{"line":69,"column":2},"end":{"line":71,"column":3}},{"start":{},"end":{}}],"line":69},"5":{"loc":{"start":{"line":69,"column":6},"end":{"line":69,"column":26}},"type":"binary-expr","locations":[{"start":{"line":69,"column":6},"end":{"line":69,"column":13}},{"start":{"line":69,"column":17},"end":{"line":69,"column":26}}],"line":69},"6":{"loc":{"start":{"line":80,"column":6},"end":{"line":80,"column":26}},"type":"binary-expr","locations":[{"start":{"line":80,"column":6},"end":{"line":80,"column":15}},{"start":{"line":80,"column":19},"end":{"line":80,"column":26}}],"line":80},"7":{"loc":{"start":{"line":81,"column":6},"end":{"line":81,"column":31}},"type":"binary-expr","locations":[{"start":{"line":81,"column":6},"end":{"line":81,"column":18}},{"start":{"line":81,"column":22},"end":{"line":81,"column":31}}],"line":81},"8":{"loc":{"start":{"line":101,"column":2},"end":{"line":103,"column":3}},"type":"if","locations":[{"start":{"line":101,"column":2},"end":{"line":103,"column":3}},{"start":{},"end":{}}],"line":101},"9":{"loc":{"start":{"line":106,"column":22},"end":{"line":106,"column":60}},"type":"binary-expr","locations":[{"start":{"line":106,"column":22},"end":{"line":106,"column":32}},{"start":{"line":106,"column":36},"end":{"line":106,"column":60}}],"line":106}},"s":{"0":1,"1":1,"2":3,"3":3,"4":3,"5":1,"6":1,"7":3,"8":3,"9":1,"10":1,"11":1,"12":1,"13":0,"14":0,"15":1,"16":1,"17":1,"18":5,"19":2,"20":3,"21":3,"22":1,"23":3,"24":3,"25":1,"26":2,"27":2,"28":1,"29":1,"30":1},"f":{"0":3,"1":1,"2":5,"3":3,"4":1},"b":{"0":[2],"1":[1,2],"2":[1],"3":[0,1],"4":[2,3],"5":[5,4],"6":[3,2],"7":[3,2],"8":[1,2],"9":[2,2]},"_coverageSchema":"1a1c01bbd47fc00a2c39e90264f33305004495a9","hash":"1ae2d454f33c0cf25114851c57f41f723a12569f"}
,"C:\\Users\\joseg\\Documents\\projeto_POO2\\backend\\src\\services\\socioService.js": {"path":"C:\\Users\\joseg\\Documents\\projeto_POO2\\backend\\src\\services\\socioService.js","statementMap":{"0":{"start":{"line":14,"column":15},"end":{"line":14,"column":34}},"1":{"start":{"line":15,"column":13},"end":{"line":15,"column":42}},"2":{"start":{"line":23,"column":23},"end":{"line":32,"column":1}},"3":{"start":{"line":24,"column":14},"end":{"line":24,"column":38}},"4":{"start":{"line":25,"column":17},"end":{"line":28,"column":3}},"5":{"start":{"line":29,"column":14},"end":{"line":29,"column":48}},"6":{"start":{"line":30,"column":17},"end":{"line":30,"column":52}},"7":{"start":{"line":31,"column":2},"end":{"line":31,"column":59}},"8":{"start":{"line":38,"column":29},"end":{"line":44,"column":1}},"9":{"start":{"line":39,"column":17},"end":{"line":42,"column":3}},"10":{"start":{"line":43,"column":2},"end":{"line":43,"column":32}},"11":{"start":{"line":51,"column":23},"end":{"line":107,"column":1}},"12":{"start":{"line":61,"column":6},"end":{"line":61,"column":11}},"13":{"start":{"line":64,"column":20},"end":{"line":64,"column":58}},"14":{"start":{"line":65,"column":2},"end":{"line":68,"column":3}},"15":{"start":{"line":67,"column":4},"end":{"line":67,"column":52}},"16":{"start":{"line":71,"column":20},"end":{"line":71,"column":42}},"17":{"start":{"line":75,"column":20},"end":{"line":75,"column":65}},"18":{"start":{"line":78,"column":17},"end":{"line":103,"column":3}},"19":{"start":{"line":106,"column":2},"end":{"line":106,"column":24}},"20":{"start":{"line":112,"column":21},"end":{"line":154,"column":1}},"21":{"start":{"line":113,"column":17},"end":{"line":113,"column":38}},"22":{"start":{"line":114,"column":14},"end":{"line":114,"column":16}},"23":{"start":{"line":115,"column":15},"end":{"line":115,"column":17}},"24":{"start":{"line":117,"column":2},"end":{"line":120,"column":3}},"25":{"start":{"line":118,"column":4},"end":{"line":118,"column":55}},"26":{"start":{"line":119,"column":4},"end":{"line":119,"column":30}},"27":{"start":{"line":121,"column":2},"end":{"line":124,"column":3}},"28":{"start":{"line":122,"column":4},"end":{"line":122,"column":55}},"29":{"start":{"line":123,"column":4},"end":{"line":123,"column":24}},"30":{"start":{"line":125,"column":2},"end":{"line":128,"column":3}},"31":{"start":{"line":126,"column":4},"end":{"line":126,"column":131}},"32":{"start":{"line":127,"column":4},"end":{"line":127,"column":30}},"33":{"start":{"line":130,"column":22},"end":{"line":130,"column":76}},"34":{"start":{"line":133,"column":26},"end":{"line":146,"column":4}},"35":{"start":{"line":148,"column":2},"end":{"line":153,"column":4}},"36":{"start":{"line":158,"column":25},"end":{"line":167,"column":1}},"37":{"start":{"line":159,"column":17},"end":{"line":162,"column":3}},"38":{"start":{"line":163,"column":2},"end":{"line":165,"column":3}},"39":{"start":{"line":164,"column":4},"end":{"line":164,"column":45}},"40":{"start":{"line":166,"column":2},"end":{"line":166,"column":24}},"41":{"start":{"line":173,"column":23},"end":{"line":182,"column":1}},"42":{"start":{"line":174,"column":15},"end":{"line":174,"column":80}},"43":{"start":{"line":174,"column":47},"end":{"line":174,"column":79}},"44":{"start":{"line":175,"column":17},"end":{"line":175,"column":41}},"45":{"start":{"line":175,"column":31},"end":{"line":175,"column":40}},"46":{"start":{"line":176,"column":19},"end":{"line":176,"column":68}},"47":{"start":{"line":176,"column":38},"end":{"line":176,"column":56}},"48":{"start":{"line":178,"column":2},"end":{"line":181,"column":4}},"49":{"start":{"line":185,"column":0},"end":{"line":190,"column":2}}},"fnMap":{"0":{"name":"(anonymous_0)","decl":{"start":{"line":23,"column":23},"end":{"line":23,"column":24}},"loc":{"start":{"line":23,"column":35},"end":{"line":32,"column":1}},"line":23},"1":{"name":"(anonymous_1)","decl":{"start":{"line":38,"column":29},"end":{"line":38,"column":30}},"loc":{"start":{"line":38,"column":51},"end":{"line":44,"column":1}},"line":38},"2":{"name":"(anonymous_2)","decl":{"start":{"line":51,"column":23},"end":{"line":51,"column":24}},"loc":{"start":{"line":51,"column":40},"end":{"line":107,"column":1}},"line":51},"3":{"name":"(anonymous_3)","decl":{"start":{"line":112,"column":21},"end":{"line":112,"column":22}},"loc":{"start":{"line":112,"column":90},"end":{"line":154,"column":1}},"line":112},"4":{"name":"(anonymous_4)","decl":{"start":{"line":158,"column":25},"end":{"line":158,"column":26}},"loc":{"start":{"line":158,"column":39},"end":{"line":167,"column":1}},"line":158},"5":{"name":"(anonymous_5)","decl":{"start":{"line":173,"column":23},"end":{"line":173,"column":24}},"loc":{"start":{"line":173,"column":45},"end":{"line":182,"column":1}},"line":173},"6":{"name":"(anonymous_6)","decl":{"start":{"line":174,"column":42},"end":{"line":174,"column":43}},"loc":{"start":{"line":174,"column":47},"end":{"line":174,"column":79}},"line":174},"7":{"name":"(anonymous_7)","decl":{"start":{"line":175,"column":26},"end":{"line":175,"column":27}},"loc":{"start":{"line":175,"column":31},"end":{"line":175,"column":40}},"line":175},"8":{"name":"(anonymous_8)","decl":{"start":{"line":176,"column":28},"end":{"line":176,"column":29}},"loc":{"start":{"line":176,"column":38},"end":{"line":176,"column":56}},"line":176}},"branchMap":{"0":{"loc":{"start":{"line":65,"column":2},"end":{"line":68,"column":3}},"type":"if","locations":[{"start":{"line":65,"column":2},"end":{"line":68,"column":3}},{"start":{},"end":{}}],"line":65},"1":{"loc":{"start":{"line":100,"column":20},"end":{"line":100,"column":43}},"type":"binary-expr","locations":[{"start":{"line":100,"column":20},"end":{"line":100,"column":32}},{"start":{"line":100,"column":36},"end":{"line":100,"column":43}}],"line":100},"2":{"loc":{"start":{"line":100,"column":52},"end":{"line":100,"column":75}},"type":"binary-expr","locations":[{"start":{"line":100,"column":52},"end":{"line":100,"column":64}},{"start":{"line":100,"column":68},"end":{"line":100,"column":75}}],"line":100},"3":{"loc":{"start":{"line":112,"column":59},"end":{"line":112,"column":69}},"type":"default-arg","locations":[{"start":{"line":112,"column":68},"end":{"line":112,"column":69}}],"line":112},"4":{"loc":{"start":{"line":112,"column":71},"end":{"line":112,"column":83}},"type":"default-arg","locations":[{"start":{"line":112,"column":80},"end":{"line":112,"column":83}}],"line":112},"5":{"loc":{"start":{"line":117,"column":2},"end":{"line":120,"column":3}},"type":"if","locations":[{"start":{"line":117,"column":2},"end":{"line":120,"column":3}},{"start":{},"end":{}}],"line":117},"6":{"loc":{"start":{"line":121,"column":2},"end":{"line":124,"column":3}},"type":"if","locations":[{"start":{"line":121,"column":2},"end":{"line":124,"column":3}},{"start":{},"end":{}}],"line":121},"7":{"loc":{"start":{"line":125,"column":2},"end":{"line":128,"column":3}},"type":"if","locations":[{"start":{"line":125,"column":2},"end":{"line":128,"column":3}},{"start":{},"end":{}}],"line":125},"8":{"loc":{"start":{"line":130,"column":22},"end":{"line":130,"column":76}},"type":"cond-expr","locations":[{"start":{"line":130,"column":41},"end":{"line":130,"column":71}},{"start":{"line":130,"column":74},"end":{"line":130,"column":76}}],"line":130},"9":{"loc":{"start":{"line":163,"column":2},"end":{"line":165,"column":3}},"type":"if","locations":[{"start":{"line":163,"column":2},"end":{"line":165,"column":3}},{"start":{},"end":{}}],"line":163},"10":{"loc":{"start":{"line":174,"column":47},"end":{"line":174,"column":79}},"type":"binary-expr","locations":[{"start":{"line":174,"column":47},"end":{"line":174,"column":57}},{"start":{"line":174,"column":61},"end":{"line":174,"column":79}}],"line":174}},"s":{"0":1,"1":1,"2":1,"3":1,"4":1,"5":1,"6":1,"7":1,"8":1,"9":2,"10":2,"11":1,"12":2,"13":2,"14":2,"15":1,"16":1,"17":1,"18":1,"19":1,"20":1,"21":3,"22":3,"23":3,"24":3,"25":1,"26":1,"27":3,"28":0,"29":0,"30":3,"31":0,"32":0,"33":3,"34":3,"35":3,"36":1,"37":2,"38":2,"39":1,"40":1,"41":1,"42":2,"43":5,"44":2,"45":3,"46":2,"47":3,"48":2,"49":1},"f":{"0":1,"1":2,"2":2,"3":3,"4":2,"5":2,"6":5,"7":3,"8":3},"b":{"0":[1,1],"1":[1,1],"2":[1,1],"3":[3],"4":[3],"5":[1,2],"6":[0,3],"7":[0,3],"8":[1,2],"9":[1,1],"10":[5,4]},"_coverageSchema":"1a1c01bbd47fc00a2c39e90264f33305004495a9","hash":"c9c188850888b5ae54d4c948ca68165c1aa34068"}
}
