TN:
SF:src\server.js
FN:28,(anonymous_0)
FN:41,(anonymous_1)
FN:50,(anonymous_2)
FN:57,(anonymous_3)
FN:65,(anonymous_4)
FNF:5
FNH:5
FNDA:1,(anonymous_0)
FNDA:1,(anonymous_1)
FNDA:1,(anonymous_2)
FNDA:1,(anonymous_3)
FNDA:5,(anonymous_4)
DA:1,5
DA:3,5
DA:4,5
DA:5,5
DA:7,5
DA:9,5
DA:11,5
DA:13,5
DA:15,5
DA:18,5
DA:23,5
DA:24,5
DA:27,5
DA:28,1
DA:29,1
DA:30,1
DA:33,1
DA:38,5
DA:41,5
DA:42,1
DA:50,5
DA:51,1
DA:57,5
DA:58,1
DA:60,1
DA:65,5
DA:66,5
DA:67,5
DA:68,5
DA:71,5
LF:30
LH:30
BRDA:13,0,0,5
BRDA:13,0,1,0
BRDA:19,1,0,5
BRDA:19,1,1,0
BRDA:27,2,0,1
BRDA:27,2,1,4
BRDA:68,3,0,5
BRDA:68,3,1,0
BRF:8
BRH:5
end_of_record
TN:
SF:src\config\database.js
FN:12,(anonymous_0)
FN:16,(anonymous_1)
FNF:2
FNH:2
FNDA:1,(anonymous_0)
FNDA:1,(anonymous_1)
DA:1,3
DA:2,3
DA:4,3
DA:12,3
DA:13,1
DA:16,3
DA:17,1
DA:18,1
DA:21,3
LF:9
LH:9
BRDA:5,0,0,3
BRDA:5,0,1,0
BRDA:6,1,0,3
BRDA:6,1,1,0
BRDA:7,2,0,3
BRDA:7,2,1,0
BRDA:8,3,0,3
BRDA:8,3,1,0
BRF:8
BRH:4
end_of_record
TN:
SF:src\config\upload.js
FN:9,(anonymous_0)
FN:10,(anonymous_1)
FN:19,(anonymous_2)
FNF:3
FNH:3
FNDA:1,(anonymous_0)
FNDA:1,(anonymous_1)
FNDA:2,(anonymous_2)
DA:1,1
DA:2,1
DA:3,1
DA:5,1
DA:6,1
DA:8,1
DA:9,1
DA:11,1
DA:12,1
DA:16,1
DA:20,2
DA:21,2
DA:22,1
DA:26,1
LF:14
LH:14
BRDA:6,0,0,0
BRDA:6,0,1,1
BRDA:21,1,0,1
BRDA:21,1,1,1
BRF:4
BRH:3
end_of_record
TN:
SF:src\controllers\authController.js
FN:11,(anonymous_0)
FN:38,(anonymous_1)
FN:49,(anonymous_2)
FNF:3
FNH:3
FNDA:5,(anonymous_0)
FNDA:2,(anonymous_1)
FNDA:5,(anonymous_2)
DA:8,1
DA:11,1
DA:12,5
DA:14,5
DA:15,1
DA:18,4
DA:19,4
DA:20,1
DA:22,3
DA:24,3
DA:25,1
DA:30,2
DA:31,1
DA:33,1
DA:38,1
DA:39,2
DA:40,2
DA:41,1
DA:43,1
DA:44,1
DA:49,1
DA:50,5
DA:52,5
DA:53,1
DA:56,4
DA:57,4
DA:58,1
DA:60,3
DA:61,3
DA:62,1
DA:64,2
DA:65,1
DA:67,1
DA:71,1
LF:34
LH:34
BRDA:14,0,0,1
BRDA:14,0,1,4
BRDA:14,1,0,5
BRDA:14,1,1,5
BRDA:24,2,0,1
BRDA:24,2,1,2
BRDA:30,3,0,1
BRDA:30,3,1,1
BRDA:52,4,0,1
BRDA:52,4,1,4
BRDA:52,5,0,5
BRDA:52,5,1,5
BRDA:61,6,0,1
BRDA:61,6,1,2
BRDA:64,7,0,1
BRDA:64,7,1,1
BRF:16
BRH:16
end_of_record
TN:
SF:src\controllers\fichaController.js
FN:11,(anonymous_0)
FNF:1
FNH:1
FNDA:4,(anonymous_0)
DA:9,1
DA:11,1
DA:12,4
DA:14,4
DA:16,4
DA:17,4
DA:20,4
DA:23,1
DA:26,3
DA:27,3
DA:28,1
DA:30,2
DA:31,1
DA:36,1
LF:14
LH:14
BRDA:27,0,0,1
BRDA:27,0,1,2
BRDA:30,1,0,1
BRDA:30,1,1,1
BRF:4
BRH:4
end_of_record
TN:
SF:src\controllers\noticiaController.js
FN:12,(anonymous_0)
FN:25,(anonymous_1)
FN:39,(anonymous_2)
FN:59,(anonymous_3)
FN:76,(anonymous_4)
FNF:5
FNH:5
FNDA:2,(anonymous_0)
FNDA:2,(anonymous_1)
FNDA:4,(anonymous_2)
FNDA:4,(anonymous_3)
FNDA:2,(anonymous_4)
DA:8,1
DA:12,1
DA:13,2
DA:14,2
DA:15,2
DA:16,1
DA:18,1
DA:19,1
DA:25,1
DA:26,2
DA:27,2
DA:28,2
DA:29,1
DA:31,1
DA:32,1
DA:39,1
DA:40,4
DA:41,4
DA:48,2
DA:50,2
DA:51,2
DA:52,1
DA:54,1
DA:59,1
DA:60,4
DA:61,4
DA:65,2
DA:67,2
DA:68,2
DA:69,1
DA:71,1
DA:76,1
DA:77,2
DA:78,2
DA:79,1
DA:81,1
DA:82,1
DA:86,1
LF:38
LH:38
BRDA:44,0,0,1
BRDA:44,0,1,3
BRDA:51,1,0,1
BRDA:51,1,1,1
BRDA:63,2,0,1
BRDA:63,2,1,3
BRDA:68,3,0,1
BRDA:68,3,1,1
BRF:8
BRH:8
end_of_record
TN:
SF:src\controllers\socioController.js
FN:14,(anonymous_0)
FN:28,(anonymous_1)
FN:46,(anonymous_2)
FN:60,(anonymous_3)
FNF:4
FNH:4
FNDA:2,(anonymous_0)
FNDA:3,(anonymous_1)
FNDA:3,(anonymous_2)
FNDA:2,(anonymous_3)
DA:10,1
DA:14,1
DA:15,2
DA:16,2
DA:17,2
DA:18,1
DA:20,1
DA:21,1
DA:28,1
DA:29,3
DA:30,3
DA:31,1
DA:36,2
DA:38,2
DA:39,1
DA:41,1
DA:46,1
DA:47,3
DA:48,3
DA:49,1
DA:51,2
DA:52,2
DA:53,1
DA:55,1
DA:60,1
DA:61,2
DA:62,2
DA:63,1
DA:65,1
DA:66,1
DA:70,1
LF:31
LH:31
BRDA:38,0,0,1
BRDA:38,0,1,1
BRDA:52,1,0,1
BRDA:52,1,1,1
BRF:4
BRH:4
end_of_record
TN:
SF:src\middlewares\auth.js
FN:4,(anonymous_0)
FN:52,(anonymous_1)
FN:60,(anonymous_2)
FN:67,(anonymous_3)
FN:80,(anonymous_4)
FN:80,(anonymous_5)
FNF:6
FNH:4
FNDA:5,(anonymous_0)
FNDA:5,(anonymous_1)
FNDA:4,(anonymous_2)
FNDA:6,(anonymous_3)
FNDA:0,(anonymous_4)
FNDA:0,(anonymous_5)
DA:1,1
DA:2,1
DA:4,1
DA:5,5
DA:7,5
DA:8,1
DA:13,4
DA:15,4
DA:16,4
DA:18,3
DA:26,3
DA:27,1
DA:32,2
DA:33,1
DA:38,1
DA:40,1
DA:44,1
DA:46,1
DA:52,1
DA:53,5
DA:54,5
DA:55,2
DA:57,3
DA:60,1
DA:61,4
DA:62,2
DA:64,2
DA:67,1
DA:68,6
DA:69,6
DA:70,6
DA:71,6
DA:73,6
DA:75,2
DA:80,1
DA:81,0
DA:82,0
DA:84,0
DA:93,0
DA:94,0
DA:95,0
DA:98,0
DA:104,1
LF:43
LH:36
BRDA:7,0,0,1
BRDA:7,0,1,4
BRDA:26,1,0,1
BRDA:26,1,1,2
BRDA:32,2,0,1
BRDA:32,2,1,1
BRDA:54,3,0,2
BRDA:54,3,1,3
BRDA:61,4,0,2
BRDA:61,4,1,2
BRDA:73,5,0,4
BRDA:73,5,1,2
BRDA:73,6,0,6
BRDA:73,6,1,4
BRDA:82,7,0,0
BRDA:82,7,1,0
BRDA:93,8,0,0
BRDA:93,8,1,0
BRDA:94,9,0,0
BRDA:94,9,1,0
BRDA:94,10,0,0
BRDA:94,10,1,0
BRF:22
BRH:14
end_of_record
TN:
SF:src\routes\index.js
FN:34,(anonymous_0)
FN:35,(anonymous_1)
FN:42,(anonymous_2)
FN:43,(anonymous_3)
FNF:4
FNH:4
FNDA:2,(anonymous_0)
FNDA:2,(anonymous_1)
FNDA:1,(anonymous_2)
FNDA:1,(anonymous_3)
DA:1,1
DA:2,1
DA:3,1
DA:10,1
DA:12,1
DA:13,1
DA:14,1
DA:17,1
DA:18,1
DA:19,1
DA:23,1
DA:24,1
DA:25,1
DA:26,1
DA:31,1
DA:32,1
DA:34,1
DA:35,2
DA:36,2
DA:37,1
DA:38,1
DA:42,1
DA:43,1
DA:44,1
DA:45,1
DA:46,0
DA:50,1
DA:53,1
DA:54,1
DA:55,1
LF:30
LH:29
BRDA:36,0,0,1
BRDA:36,0,1,1
BRDA:37,1,0,0
BRDA:37,1,1,1
BRDA:44,2,0,0
BRDA:44,2,1,1
BRDA:45,3,0,1
BRDA:45,3,1,0
BRF:8
BRH:5
end_of_record
TN:
SF:src\services\authService.js
FN:65,(anonymous_0)
FN:77,(anonymous_1)
FN:132,(anonymous_2)
FN:158,(anonymous_3)
FNF:4
FNH:4
FNDA:8,(anonymous_0)
FNDA:5,(anonymous_1)
FNDA:2,(anonymous_2)
FNDA:3,(anonymous_3)
DA:11,1
DA:12,1
DA:13,1
DA:20,1
DA:65,1
DA:66,8
DA:77,1
DA:79,5
DA:87,5
DA:88,1
DA:91,4
DA:94,4
DA:95,1
DA:99,3
DA:100,3
DA:101,1
DA:105,2
DA:112,2
DA:114,2
DA:132,1
DA:133,2
DA:145,2
DA:146,1
DA:150,1
DA:152,1
DA:158,1
DA:160,3
DA:161,1
DA:164,2
DA:170,2
DA:171,2
DA:172,1
DA:176,1
DA:177,1
DA:183,1
LF:35
LH:35
BRDA:66,0,0,8
BRDA:66,0,1,1
BRDA:87,1,0,1
BRDA:87,1,1,4
BRDA:94,2,0,1
BRDA:94,2,1,3
BRDA:100,3,0,1
BRDA:100,3,1,2
BRDA:108,4,0,2
BRDA:108,4,1,2
BRDA:145,5,0,1
BRDA:145,5,1,1
BRDA:160,6,0,1
BRDA:160,6,1,2
BRDA:171,7,0,1
BRDA:171,7,1,1
BRF:16
BRH:16
end_of_record
TN:
SF:src\services\fichaBuilder.js
FN:27,(anonymous_0)
FN:34,(anonymous_1)
FN:54,(anonymous_2)
FN:70,(anonymous_3)
FN:184,(anonymous_4)
FNF:5
FNH:5
FNDA:12,(anonymous_0)
FNDA:150,(anonymous_1)
FNDA:132,(anonymous_2)
FNDA:6,(anonymous_3)
FNDA:30,(anonymous_4)
DA:14,1
DA:15,1
DA:20,1
DA:27,1
DA:28,12
DA:29,10
DA:30,10
DA:34,150
DA:39,1
DA:40,1
DA:41,1
DA:42,1
DA:43,1
DA:54,1
DA:56,132
DA:58,132
DA:61,132
DA:70,1
DA:71,6
DA:75,6
DA:76,6
DA:79,0
DA:83,6
DA:85,6
DA:92,6
DA:95,6
DA:98,6
DA:102,6
DA:105,6
DA:106,6
DA:108,6
DA:110,6
DA:113,6
DA:114,6
DA:116,6
DA:117,6
DA:118,6
DA:121,6
DA:122,6
DA:123,6
DA:124,6
DA:127,6
DA:128,6
DA:129,6
DA:130,6
DA:133,6
DA:134,6
DA:137,6
DA:138,6
DA:141,6
DA:142,6
DA:143,6
DA:144,6
DA:147,6
DA:148,6
DA:149,6
DA:150,6
DA:151,6
DA:154,6
DA:155,6
DA:156,6
DA:157,6
DA:158,6
DA:161,6
DA:162,6
DA:164,6
DA:165,6
DA:166,6
DA:167,6
DA:169,6
DA:170,6
DA:171,6
DA:172,6
DA:176,6
DA:184,6
DA:185,30
DA:186,30
DA:188,30
DA:189,30
DA:193,6
DA:194,6
DA:196,6
DA:198,6
DA:200,6
DA:201,6
DA:206,6
DA:207,6
DA:216,6
DA:218,6
DA:221,1
LF:90
LH:89
BRDA:28,0,0,2
BRDA:28,0,1,10
BRDA:34,1,0,127
BRDA:34,1,1,23
BRDA:34,2,0,150
BRDA:34,2,1,127
BRDA:116,3,0,5
BRDA:116,3,1,1
BRDA:123,4,0,6
BRDA:123,4,1,1
BRF:10
BRH:10
end_of_record
TN:
SF:src\services\fichaService.js
FN:18,(anonymous_0)
FNF:1
FNH:1
FNDA:3,(anonymous_0)
DA:9,1
DA:10,1
DA:18,1
DA:19,3
DA:25,3
DA:26,1
DA:29,2
DA:33,2
DA:36,1
LF:9
LH:9
BRDA:25,0,0,1
BRDA:25,0,1,2
BRF:2
BRH:2
end_of_record
TN:
SF:src\services\noticiaService.js
FN:17,(anonymous_0)
FN:42,(anonymous_1)
FN:67,(anonymous_2)
FN:94,(anonymous_3)
FN:120,(anonymous_4)
FNF:5
FNH:5
FNDA:3,(anonymous_0)
FNDA:1,(anonymous_1)
FNDA:5,(anonymous_2)
FNDA:3,(anonymous_3)
FNDA:1,(anonymous_4)
DA:11,1
DA:17,1
DA:18,3
DA:19,3
DA:22,3
DA:23,1
DA:24,1
DA:27,3
DA:35,3
DA:42,1
DA:43,1
DA:44,1
DA:46,1
DA:47,0
DA:48,0
DA:51,1
DA:59,1
DA:67,1
DA:69,5
DA:70,2
DA:73,3
DA:88,3
DA:94,1
DA:96,3
DA:101,3
DA:102,1
DA:106,2
DA:108,2
DA:120,1
DA:121,1
DA:127,1
LF:31
LH:29
BRDA:17,0,0,2
BRDA:22,1,0,1
BRDA:22,1,1,2
BRDA:42,2,0,1
BRDA:46,3,0,0
BRDA:46,3,1,1
BRDA:69,4,0,2
BRDA:69,4,1,3
BRDA:69,5,0,5
BRDA:69,5,1,4
BRDA:80,6,0,3
BRDA:80,6,1,2
BRDA:81,7,0,3
BRDA:81,7,1,2
BRDA:101,8,0,1
BRDA:101,8,1,2
BRDA:106,9,0,2
BRDA:106,9,1,2
BRF:18
BRH:17
end_of_record
TN:
SF:src\services\socioService.js
FN:23,(anonymous_0)
FN:38,(anonymous_1)
FN:51,(anonymous_2)
FN:112,(anonymous_3)
FN:158,(anonymous_4)
FN:173,(anonymous_5)
FN:174,(anonymous_6)
FN:175,(anonymous_7)
FN:176,(anonymous_8)
FNF:9
FNH:9
FNDA:1,(anonymous_0)
FNDA:2,(anonymous_1)
FNDA:2,(anonymous_2)
FNDA:3,(anonymous_3)
FNDA:2,(anonymous_4)
FNDA:2,(anonymous_5)
FNDA:5,(anonymous_6)
FNDA:3,(anonymous_7)
FNDA:3,(anonymous_8)
DA:14,1
DA:15,1
DA:23,1
DA:24,1
DA:25,1
DA:29,1
DA:30,1
DA:31,1
DA:38,1
DA:39,2
DA:43,2
DA:51,1
DA:61,2
DA:64,2
DA:65,2
DA:67,1
DA:71,1
DA:75,1
DA:78,1
DA:106,1
DA:112,1
DA:113,3
DA:114,3
DA:115,3
DA:117,3
DA:118,1
DA:119,1
DA:121,3
DA:122,0
DA:123,0
DA:125,3
DA:126,0
DA:127,0
DA:130,3
DA:133,3
DA:148,3
DA:158,1
DA:159,2
DA:163,2
DA:164,1
DA:166,1
DA:173,1
DA:174,5
DA:175,3
DA:176,3
DA:178,2
DA:185,1
LF:47
LH:43
BRDA:65,0,0,1
BRDA:65,0,1,1
BRDA:100,1,0,1
BRDA:100,1,1,1
BRDA:100,2,0,1
BRDA:100,2,1,1
BRDA:112,3,0,3
BRDA:112,4,0,3
BRDA:117,5,0,1
BRDA:117,5,1,2
BRDA:121,6,0,0
BRDA:121,6,1,3
BRDA:125,7,0,0
BRDA:125,7,1,3
BRDA:130,8,0,1
BRDA:130,8,1,2
BRDA:163,9,0,1
BRDA:163,9,1,1
BRDA:174,10,0,5
BRDA:174,10,1,4
BRF:20
BRH:18
end_of_record
